1543287721211	geckodriver	INFO	geckodriver 0.21.0
1543287721219	geckodriver	INFO	Listening on 127.0.0.1:25549
1543287724268	mozrunner::runner	INFO	Running command: "C:\\Program Files\\Mozilla Firefox\\firefox.exe" "-marionette" "--headless" "-foreground" "-no-remote" "-profile" "C:\\Users\\hb\\AppData\\Local\\Temp\\rust_mozprofile.DdNLyESkCZLx"
*** You are running in headless mode.
1543287724741	Marionette	DEBUG	Received observer notification profile-after-change
1543287724782	Marionette	DEBUG	Received observer notification toplevel-window-ready
1543287724805	Marionette	DEBUG	Received observer notification command-line-startup
1543287724806	Marionette	DEBUG	Received observer notification nsPref:changed
1543287724806	Marionette	DEBUG	Init aborted (running=false, enabled=true, finalUIStartup=false)
1543287724850	Marionette	DEBUG	Received observer notification toplevel-window-ready
1543287725702	Marionette	DEBUG	Received observer notification sessionstore-windows-restored
1543287725703	Marionette	DEBUG	Waiting for delayed startup...
1543287725752	Marionette	DEBUG	Setting recommended pref app.update.disabledForTesting to true
1543287725752	Marionette	DEBUG	Setting recommended pref security.turn_off_all_security_so_that_viruses_can_take_over_this_computer to true
1543287725753	Marionette	DEBUG	Setting recommended pref apz.content_response_timeout to 60000
1543287725753	Marionette	DEBUG	Setting recommended pref browser.download.panel.shown to true
1543287725754	Marionette	DEBUG	Setting recommended pref browser.pagethumbnails.capturing_disabled to true
1543287725754	Marionette	DEBUG	Setting recommended pref browser.search.update to false
1543287725754	Marionette	DEBUG	Setting recommended pref toolkit.cosmeticAnimations.enabled to false
1543287725754	Marionette	DEBUG	Setting recommended pref browser.tabs.disableBackgroundZombification to false
1543287725755	Marionette	DEBUG	Setting recommended pref browser.tabs.warnOnCloseOtherTabs to false
1543287725755	Marionette	DEBUG	Setting recommended pref browser.tabs.warnOnOpen to false
1543287725755	Marionette	DEBUG	Setting recommended pref browser.usedOnWindows10.introURL to 
1543287725755	Marionette	DEBUG	Setting recommended pref browser.urlbar.suggest.searches to false
1543287725755	Marionette	DEBUG	Setting recommended pref datareporting.policy.dataSubmissionPolicyAccepted to false
1543287725755	Marionette	DEBUG	Setting recommended pref dom.disable_beforeunload to true
1543287725755	Marionette	DEBUG	Setting recommended pref dom.disable_open_during_load to false
1543287725755	Marionette	DEBUG	Setting recommended pref dom.file.createInChild to true
1543287725756	Marionette	DEBUG	Setting recommended pref dom.max_chrome_script_run_time to 0
1543287725756	Marionette	DEBUG	Setting recommended pref dom.max_script_run_time to 0
1543287725756	Marionette	DEBUG	Setting recommended pref extensions.getAddons.cache.enabled to false
1543287725756	Marionette	DEBUG	Setting recommended pref extensions.webservice.discoverURL to http://%(server)s/dummy/discoveryURL
1543287725756	Marionette	DEBUG	Setting recommended pref network.http.prompt-temp-redirect to false
1543287725756	Marionette	DEBUG	Setting recommended pref network.http.speculative-parallel-limit to 0
1543287725756	Marionette	DEBUG	Setting recommended pref security.fileuri.strict_origin_policy to false
1543287725756	Marionette	DEBUG	Setting recommended pref security.notification_enable_delay to 0
1543287725756	Marionette	DEBUG	Setting recommended pref signon.autofillForms to false
1543287725757	Marionette	DEBUG	Setting recommended pref signon.rememberSignons to false
1543287725789	Marionette	INFO	Listening on port 25557
1543287725789	Marionette	DEBUG	Remote service is active
1543287725895	Marionette	DEBUG	Accepted connection 0 from 127.0.0.1:25567
1543287725897	Marionette	TRACE	0 -> [0,1,"WebDriver:NewSession",{"acceptInsecureCerts":true,"browserName":"firefox","capabilities":{"desiredCapabilities":{"acceptInsecureCerts":true,"browserName":"firefox"}}}]
1543287725898	Marionette	WARN	TLS certificate errors will be ignored for this session
1543287725926	Marionette	DEBUG	[6442450945] Frame script loaded
1543287725930	Marionette	DEBUG	[6442450945] Frame script registered
1543287725933	Marionette	TRACE	0 <- [1,1,null,{"sessionId":"f5fc1510-8faa-4d1f-aee1-8417448fc636","capabilities":{"browserName":"firefox","browserVersion":"63.0. ... alse,"moz:webdriverClick":true,"capabilities":{"desiredCapabilities":{"acceptInsecureCerts":true,"browserName":"firefox"}}}}]
1543287725936	Marionette	TRACE	0 -> [0,2,"WebDriver:Navigate",{"url":"https://134.176.123.46:7802/em/faces/logon/core-uifwk-console-login"}]
1543287725944	Marionette	DEBUG	[6442450945] Received DOM event beforeunload for about:blank
1543287726024	Marionette	DEBUG	[6442450945] Received DOM event pagehide for about:blank
1543287726028	Marionette	DEBUG	[6442450945] Received DOM event beforeunload for https://134.176.123.46:7802/em/faces/logon/core-uifwk-console-login
1543287726028	Marionette	DEBUG	[6442450945] Received DOM event pageshow for https://134.176.123.46:7802/em/faces/logon/core-uifwk-console-login
1543287726058	Marionette	DEBUG	[6442450945] Received DOM event DOMContentLoaded for https://134.176.123.46:7802/em/faces/logon/core-uifwk-console-login
1543287726157	Marionette	DEBUG	[6442450945] Received DOM event unload for https://134.176.123.46:7802/em/faces/logon/core-uifwk-console-login
1543287726522	Marionette	DEBUG	[6442450945] Received DOM event DOMContentLoaded for https://134.176.123.46:7802/em/faces/logon/core-uifwk-console-login
1543287726583	Marionette	DEBUG	[6442450945] Received DOM event pageshow for https://134.176.123.46:7802/em/faces/logon/core-uifwk-console-login
1543287726585	Marionette	TRACE	0 <- [1,2,null,{"value":null}]
1543287726587	Marionette	TRACE	0 -> [0,3,"WebDriver:FindElement",{"using":"xpath","value":"//*[@id=\"j_username::content\"]"}]
1543287726589	Marionette	TRACE	0 <- [1,3,null,{"value":{"element-6066-11e4-a52e-4f735466cecf":"398f5a36-0a16-4bd4-9d22-727545e9dc66"}}]
1543287726590	Marionette	TRACE	0 -> [0,4,"WebDriver:ElementSendKeys",{"id":"398f5a36-0a16-4bd4-9d22-727545e9dc66","text":"sysman","value":["s","y","s","m","a","n"]}]
1543287726607	Marionette	TRACE	0 <- [1,4,null,{"value":null}]
1543287726609	Marionette	TRACE	0 -> [0,5,"WebDriver:FindElement",{"using":"xpath","value":"//*[@id=\"j_password::content\"]"}]
1543287726610	Marionette	TRACE	0 <- [1,5,null,{"value":{"element-6066-11e4-a52e-4f735466cecf":"70abb500-f9a4-469b-89cf-6159609fb002"}}]
1543287726612	Marionette	TRACE	0 -> [0,6,"WebDriver:ElementSendKeys",{"id":"70abb500-f9a4-469b-89cf-6159609fb002","text":"WeLove_911","value":["W","e","L","o","v","e","_","9","1","1"]}]
1543287726626	Marionette	TRACE	0 <- [1,6,null,{"value":null}]
1543287728630	Marionette	TRACE	0 -> [0,7,"WebDriver:FindElement",{"using":"xpath","value":"//*[@id=\"login\"]"}]
1543287728635	Marionette	TRACE	0 <- [1,7,null,{"value":{"element-6066-11e4-a52e-4f735466cecf":"070634ba-1208-4604-a173-5bbf75786cd2"}}]
1543287728638	Marionette	TRACE	0 -> [0,8,"WebDriver:ElementClick",{"id":"070634ba-1208-4604-a173-5bbf75786cd2"}]
1543287728661	Marionette	DEBUG	[6442450945] Received DOM event beforeunload for https://134.176.123.46:7802/em/faces/logon/core-uifwk-console-login
1543287729027	Marionette	DEBUG	[6442450945] Received DOM event pagehide for https://134.176.123.46:7802/em/faces/logon/core-uifwk-console-login
1543287729030	Marionette	DEBUG	[6442450945] Received DOM event unload for https://134.176.123.46:7802/em/faces/logon/core-uifwk-console-login
1543287729043	Marionette	DEBUG	[6442450945] Received observer notification outer-window-destroyed
1543287729048	Marionette	DEBUG	[6442450945] Received DOM event beforeunload for https://134.176.123.46:7802/em/faces/core-event-console
1543287729053	Marionette	DEBUG	[6442450945] Received DOM event pageshow for https://134.176.123.46:7802/em/faces/core-event-console
1543287729074	Marionette	DEBUG	[6442450945] Received DOM event DOMContentLoaded for https://134.176.123.46:7802/em/faces/core-event-console
1543287731250	Marionette	DEBUG	[6442450945] Received DOM event unload for https://134.176.123.46:7802/em/faces/core-event-console
1543287731615	Marionette	DEBUG	[6442450945] Received DOM event DOMContentLoaded for https://134.176.123.46:7802/em/faces/core-event-console
1543287731695	Marionette	DEBUG	[6442450945] Received DOM event pageshow for https://134.176.123.46:7802/em/faces/core-event-console
1543287731697	Marionette	TRACE	0 <- [1,8,null,{"value":null}]
1543287733699	Marionette	TRACE	0 -> [0,9,"WebDriver:FindElement",{"using":"xpath","value":"//*[@id=\"emT:lrmd1:iCustVw:4:custViewLink\"]"}]
1543287733707	Marionette	TRACE	0 <- [1,9,null,{"value":{"element-6066-11e4-a52e-4f735466cecf":"47d52dc6-dc3e-4287-8825-88be3867c9d5"}}]
1543287733709	Marionette	TRACE	0 -> [0,10,"WebDriver:ElementClick",{"id":"47d52dc6-dc3e-4287-8825-88be3867c9d5"}]
1543287733932	Marionette	DEBUG	[6442450945] Canceled page load listener because no navigation has been detected
1543287733934	Marionette	TRACE	0 <- [1,10,null,{"value":null}]
1543287735936	Marionette	TRACE	0 -> [0,11,"WebDriver:FindElement",{"using":"xpath","value":"//*[@id=\"emT:lrmd1:tbmd1:pc2:t2::db\"]/table[1]/tbody/tr[1]/td[2]/div/table/tbody/tr/td[1]"}]
1543287735945	Marionette	TRACE	0 <- [1,11,null,{"value":{"element-6066-11e4-a52e-4f735466cecf":"d3f6185e-1dd8-4589-a58f-57885747c41b"}}]
1543287735950	Marionette	TRACE	0 -> [0,12,"WebDriver:FindElement",{"using":"xpath","value":"//*[@id=\"emT:lrmd1:tbmd1:pc2:t2::db\"]/table[1]/tbody/tr[1]/td[2]/div/table/tbody/tr/td[2]"}]
1543287735959	Marionette	TRACE	0 <- [1,12,null,{"value":{"element-6066-11e4-a52e-4f735466cecf":"9c694635-fd4a-4165-b3c2-9e07c06d3cd7"}}]
1543287735966	Marionette	TRACE	0 -> [0,13,"WebDriver:FindElement",{"using":"xpath","value":"//*[@id=\"emT:lrmd1:tbmd1:pc2:t2::db\"]/table[1]/tbody/tr[1]/td[2]/div/table/tbody/tr/td[3]"}]
1543287735975	Marionette	TRACE	0 <- [1,13,null,{"value":{"element-6066-11e4-a52e-4f735466cecf":"321f9091-c622-4c92-ad6b-6c6acd552ce9"}}]
1543287735981	Marionette	TRACE	0 -> [0,14,"WebDriver:FindElement",{"using":"xpath","value":"//*[@id=\"emT:lrmd1:tbmd1:pc2:t2::db\"]/table[1]/tbody/tr[1]/td[2]/div/table/tbody/tr/td[6]"}]
1543287735990	Marionette	TRACE	0 <- [1,14,null,{"value":{"element-6066-11e4-a52e-4f735466cecf":"610ca43f-d71f-487f-9260-57eea88ff154"}}]
1543287735999	Marionette	TRACE	0 -> [0,15,"WebDriver:FindElement",{"element":"d3f6185e-1dd8-4589-a58f-57885747c41b","using":"css selector","value":"img"}]
1543287736003	Marionette	TRACE	0 <- [1,15,null,{"value":{"element-6066-11e4-a52e-4f735466cecf":"a3b45dc9-7749-4abb-9546-bb9bb7732f31"}}]
1543287736009	Marionette	TRACE	0 -> [0,16,"WebDriver:ExecuteScript",{"args":[{"ELEMENT":"a3b45dc9-7749-4abb-9546-bb9bb7732f31","element-6066-11e4-a52e-4f735466ce ... dow!='undefined'?window.document:null}, arguments);}\n).apply(null, arguments);","scriptTimeout":null,"specialPowers":false}]
1543287736020	Marionette	TRACE	0 <- [1,16,null,{"value":"严重"}]
1543287736027	Marionette	TRACE	0 -> [0,17,"WebDriver:ExecuteScript",{"args":[{"ELEMENT":"9c694635-fd4a-4165-b3c2-9e07c06d3cd7","element-6066-11e4-a52e-4f735466ce ... dow!='undefined'?window.document:null}, arguments);}\n).apply(null, arguments);","scriptTimeout":null,"specialPowers":false}]
1543287736033	Marionette	TRACE	0 <- [1,17,null,{"value":"度量“丢失的全局高速缓存块”为 10,023,059"}]
1543287736035	Marionette	TRACE	0 -> [0,18,"WebDriver:ExecuteScript",{"args":[{"ELEMENT":"321f9091-c622-4c92-ad6b-6c6acd552ce9","element-6066-11e4-a52e-4f735466ce ... dow!='undefined'?window.document:null}, arguments);}\n).apply(null, arguments);","scriptTimeout":null,"specialPowers":false}]
1543287736041	Marionette	TRACE	0 <- [1,18,null,{"value":"billcust_billcust1"}]
1543287736046	Marionette	TRACE	0 -> [0,19,"WebDriver:ExecuteScript",{"args":[{"ELEMENT":"610ca43f-d71f-487f-9260-57eea88ff154","element-6066-11e4-a52e-4f735466ce ... dow!='undefined'?window.document:null}, arguments);}\n).apply(null, arguments);","scriptTimeout":null,"specialPowers":false}]
1543287736054	Marionette	TRACE	0 <- [1,19,null,{"value":"73 天 16 小时"}]
1543287736057	Marionette	TRACE	0 -> [0,20,"WebDriver:FindElement",{"using":"xpath","value":"//*[@id=\"emT:lrmd1:tbmd1:pc2:t2::db\"]/table[1]/tbody/tr[2]/td[2]/div/table/tbody/tr/td[1]"}]
1543287736059	Marionette	TRACE	0 <- [1,20,null,{"value":{"element-6066-11e4-a52e-4f735466cecf":"7735759a-0f04-4a91-a89f-73c68d501689"}}]
1543287736061	Marionette	TRACE	0 -> [0,21,"WebDriver:FindElement",{"using":"xpath","value":"//*[@id=\"emT:lrmd1:tbmd1:pc2:t2::db\"]/table[1]/tbody/tr[2]/td[2]/div/table/tbody/tr/td[2]"}]
1543287736063	Marionette	TRACE	0 <- [1,21,null,{"value":{"element-6066-11e4-a52e-4f735466cecf":"e3acb34f-268a-4505-88cf-c028b3602161"}}]
1543287736064	Marionette	TRACE	0 -> [0,22,"WebDriver:FindElement",{"using":"xpath","value":"//*[@id=\"emT:lrmd1:tbmd1:pc2:t2::db\"]/table[1]/tbody/tr[2]/td[2]/div/table/tbody/tr/td[3]"}]
1543287736067	Marionette	TRACE	0 <- [1,22,null,{"value":{"element-6066-11e4-a52e-4f735466cecf":"dbad02d7-4cf3-4624-8d7b-75baa0473eaf"}}]
1543287736068	Marionette	TRACE	0 -> [0,23,"WebDriver:FindElement",{"using":"xpath","value":"//*[@id=\"emT:lrmd1:tbmd1:pc2:t2::db\"]/table[1]/tbody/tr[2]/td[2]/div/table/tbody/tr/td[6]"}]
1543287736071	Marionette	TRACE	0 <- [1,23,null,{"value":{"element-6066-11e4-a52e-4f735466cecf":"a97764fb-ef6f-4235-93dd-167092e46dad"}}]
1543287736072	Marionette	TRACE	0 -> [0,24,"WebDriver:FindElement",{"element":"7735759a-0f04-4a91-a89f-73c68d501689","using":"css selector","value":"img"}]
1543287736075	Marionette	TRACE	0 <- [1,24,null,{"value":{"element-6066-11e4-a52e-4f735466cecf":"45a58a6c-d6f8-4421-806f-9bbd9693fa44"}}]
1543287736076	Marionette	TRACE	0 -> [0,25,"WebDriver:ExecuteScript",{"args":[{"ELEMENT":"45a58a6c-d6f8-4421-806f-9bbd9693fa44","element-6066-11e4-a52e-4f735466ce ... dow!='undefined'?window.document:null}, arguments);}\n).apply(null, arguments);","scriptTimeout":null,"specialPowers":false}]
1543287736080	Marionette	TRACE	0 <- [1,25,null,{"value":"严重"}]
1543287736082	Marionette	TRACE	0 -> [0,26,"WebDriver:ExecuteScript",{"args":[{"ELEMENT":"e3acb34f-268a-4505-88cf-c028b3602161","element-6066-11e4-a52e-4f735466ce ... dow!='undefined'?window.document:null}, arguments);}\n).apply(null, arguments);","scriptTimeout":null,"specialPowers":false}]
1543287736085	Marionette	TRACE	0 <- [1,26,null,{"value":"度量“丢失的全局高速缓存块”为 24,930"}]
1543287736087	Marionette	TRACE	0 -> [0,27,"WebDriver:ExecuteScript",{"args":[{"ELEMENT":"dbad02d7-4cf3-4624-8d7b-75baa0473eaf","element-6066-11e4-a52e-4f735466ce ... dow!='undefined'?window.document:null}, arguments);}\n).apply(null, arguments);","scriptTimeout":null,"specialPowers":false}]
1543287736090	Marionette	TRACE	0 <- [1,27,null,{"value":"bsscash_bsscash2"}]
1543287736092	Marionette	TRACE	0 -> [0,28,"WebDriver:ExecuteScript",{"args":[{"ELEMENT":"a97764fb-ef6f-4235-93dd-167092e46dad","element-6066-11e4-a52e-4f735466ce ... dow!='undefined'?window.document:null}, arguments);}\n).apply(null, arguments);","scriptTimeout":null,"specialPowers":false}]
1543287736095	Marionette	TRACE	0 <- [1,28,null,{"value":"73 天 16 小时"}]
1543287736096	Marionette	TRACE	0 -> [0,29,"WebDriver:FindElement",{"using":"xpath","value":"//*[@id=\"emT:lrmd1:tbmd1:pc2:t2::db\"]/table[1]/tbody/tr[3]/td[2]/div/table/tbody/tr/td[1]"}]
1543287736098	Marionette	TRACE	0 <- [1,29,null,{"value":{"element-6066-11e4-a52e-4f735466cecf":"1b647b9a-575a-482a-8af3-2b2cdbb20ad6"}}]
1543287736099	Marionette	TRACE	0 -> [0,30,"WebDriver:FindElement",{"using":"xpath","value":"//*[@id=\"emT:lrmd1:tbmd1:pc2:t2::db\"]/table[1]/tbody/tr[3]/td[2]/div/table/tbody/tr/td[2]"}]
1543287736102	Marionette	TRACE	0 <- [1,30,null,{"value":{"element-6066-11e4-a52e-4f735466cecf":"bed8d549-6faf-42cb-a4b3-81d6bcd232dd"}}]
1543287736104	Marionette	TRACE	0 -> [0,31,"WebDriver:FindElement",{"using":"xpath","value":"//*[@id=\"emT:lrmd1:tbmd1:pc2:t2::db\"]/table[1]/tbody/tr[3]/td[2]/div/table/tbody/tr/td[3]"}]
1543287736106	Marionette	TRACE	0 <- [1,31,null,{"value":{"element-6066-11e4-a52e-4f735466cecf":"8db12618-d47c-4d04-8a25-47fefbaeafb3"}}]
1543287736108	Marionette	TRACE	0 -> [0,32,"WebDriver:FindElement",{"using":"xpath","value":"//*[@id=\"emT:lrmd1:tbmd1:pc2:t2::db\"]/table[1]/tbody/tr[3]/td[2]/div/table/tbody/tr/td[6]"}]
1543287736110	Marionette	TRACE	0 <- [1,32,null,{"value":{"element-6066-11e4-a52e-4f735466cecf":"5e52055d-1650-4bfc-9746-7e54ce417673"}}]
1543287736111	Marionette	TRACE	0 -> [0,33,"WebDriver:FindElement",{"element":"1b647b9a-575a-482a-8af3-2b2cdbb20ad6","using":"css selector","value":"img"}]
1543287736113	Marionette	TRACE	0 <- [1,33,null,{"value":{"element-6066-11e4-a52e-4f735466cecf":"44c7c72c-901e-4ac8-b080-96a52172a880"}}]
1543287736114	Marionette	TRACE	0 -> [0,34,"WebDriver:ExecuteScript",{"args":[{"ELEMENT":"44c7c72c-901e-4ac8-b080-96a52172a880","element-6066-11e4-a52e-4f735466ce ... dow!='undefined'?window.document:null}, arguments);}\n).apply(null, arguments);","scriptTimeout":null,"specialPowers":false}]
1543287736117	Marionette	TRACE	0 <- [1,34,null,{"value":"严重"}]
1543287736119	Marionette	TRACE	0 -> [0,35,"WebDriver:ExecuteScript",{"args":[{"ELEMENT":"bed8d549-6faf-42cb-a4b3-81d6bcd232dd","element-6066-11e4-a52e-4f735466ce ... dow!='undefined'?window.document:null}, arguments);}\n).apply(null, arguments);","scriptTimeout":null,"specialPowers":false}]
1543287736122	Marionette	TRACE	0 <- [1,35,null,{"value":"度量“丢失的全局高速缓存块”为 23,820"}]
1543287736123	Marionette	TRACE	0 -> [0,36,"WebDriver:ExecuteScript",{"args":[{"ELEMENT":"8db12618-d47c-4d04-8a25-47fefbaeafb3","element-6066-11e4-a52e-4f735466ce ... dow!='undefined'?window.document:null}, arguments);}\n).apply(null, arguments);","scriptTimeout":null,"specialPowers":false}]
1543287736127	Marionette	TRACE	0 <- [1,36,null,{"value":"bsscash_bsscash1"}]
1543287736129	Marionette	TRACE	0 -> [0,37,"WebDriver:ExecuteScript",{"args":[{"ELEMENT":"5e52055d-1650-4bfc-9746-7e54ce417673","element-6066-11e4-a52e-4f735466ce ... dow!='undefined'?window.document:null}, arguments);}\n).apply(null, arguments);","scriptTimeout":null,"specialPowers":false}]
1543287736133	Marionette	TRACE	0 <- [1,37,null,{"value":"73 天 16 小时"}]
1543287736134	Marionette	TRACE	0 -> [0,38,"WebDriver:FindElement",{"using":"xpath","value":"//*[@id=\"emT:lrmd1:tbmd1:pc2:t2::db\"]/table[1]/tbody/tr[4]/td[2]/div/table/tbody/tr/td[1]"}]
1543287736136	Marionette	TRACE	0 <- [1,38,null,{"value":{"element-6066-11e4-a52e-4f735466cecf":"899f7063-bd3d-4bb1-8877-75c5faeb1b5a"}}]
1543287736138	Marionette	TRACE	0 -> [0,39,"WebDriver:FindElement",{"using":"xpath","value":"//*[@id=\"emT:lrmd1:tbmd1:pc2:t2::db\"]/table[1]/tbody/tr[4]/td[2]/div/table/tbody/tr/td[2]"}]
1543287736139	Marionette	TRACE	0 <- [1,39,null,{"value":{"element-6066-11e4-a52e-4f735466cecf":"c96cfbb5-96f4-416d-992d-fa9228f1b30c"}}]
1543287736141	Marionette	TRACE	0 -> [0,40,"WebDriver:FindElement",{"using":"xpath","value":"//*[@id=\"emT:lrmd1:tbmd1:pc2:t2::db\"]/table[1]/tbody/tr[4]/td[2]/div/table/tbody/tr/td[3]"}]
1543287736143	Marionette	TRACE	0 <- [1,40,null,{"value":{"element-6066-11e4-a52e-4f735466cecf":"60b3f986-7d14-4667-a8c3-f33eed60ca09"}}]
1543287736144	Marionette	TRACE	0 -> [0,41,"WebDriver:FindElement",{"using":"xpath","value":"//*[@id=\"emT:lrmd1:tbmd1:pc2:t2::db\"]/table[1]/tbody/tr[4]/td[2]/div/table/tbody/tr/td[6]"}]
1543287736146	Marionette	TRACE	0 <- [1,41,null,{"value":{"element-6066-11e4-a52e-4f735466cecf":"686eb501-6076-40a6-8571-f4f285deb866"}}]
1543287736148	Marionette	TRACE	0 -> [0,42,"WebDriver:FindElement",{"element":"899f7063-bd3d-4bb1-8877-75c5faeb1b5a","using":"css selector","value":"img"}]
1543287736149	Marionette	TRACE	0 <- [1,42,null,{"value":{"element-6066-11e4-a52e-4f735466cecf":"420471e0-3b33-4872-9070-ebd9b3674064"}}]
1543287736150	Marionette	TRACE	0 -> [0,43,"WebDriver:ExecuteScript",{"args":[{"ELEMENT":"420471e0-3b33-4872-9070-ebd9b3674064","element-6066-11e4-a52e-4f735466ce ... dow!='undefined'?window.document:null}, arguments);}\n).apply(null, arguments);","scriptTimeout":null,"specialPowers":false}]
1543287736154	Marionette	TRACE	0 <- [1,43,null,{"value":"严重"}]
1543287736156	Marionette	TRACE	0 -> [0,44,"WebDriver:ExecuteScript",{"args":[{"ELEMENT":"c96cfbb5-96f4-416d-992d-fa9228f1b30c","element-6066-11e4-a52e-4f735466ce ... dow!='undefined'?window.document:null}, arguments);}\n).apply(null, arguments);","scriptTimeout":null,"specialPowers":false}]
1543287736159	Marionette	TRACE	0 <- [1,44,null,{"value":"度量“丢失的全局高速缓存块”为 218"}]
1543287736161	Marionette	TRACE	0 -> [0,45,"WebDriver:ExecuteScript",{"args":[{"ELEMENT":"60b3f986-7d14-4667-a8c3-f33eed60ca09","element-6066-11e4-a52e-4f735466ce ... dow!='undefined'?window.document:null}, arguments);}\n).apply(null, arguments);","scriptTimeout":null,"specialPowers":false}]
1543287736164	Marionette	TRACE	0 <- [1,45,null,{"value":"billcust_billcust2"}]
1543287736165	Marionette	TRACE	0 -> [0,46,"WebDriver:ExecuteScript",{"args":[{"ELEMENT":"686eb501-6076-40a6-8571-f4f285deb866","element-6066-11e4-a52e-4f735466ce ... dow!='undefined'?window.document:null}, arguments);}\n).apply(null, arguments);","scriptTimeout":null,"specialPowers":false}]
1543287736168	Marionette	TRACE	0 <- [1,46,null,{"value":"73 天 16 小时"}]
1543287736169	Marionette	TRACE	0 -> [0,47,"WebDriver:FindElement",{"using":"xpath","value":"//*[@id=\"emT:lrmd1:tbmd1:pc2:t2::db\"]/table[1]/tbody/tr[5]/td[2]/div/table/tbody/tr/td[1]"}]
1543287736171	Marionette	TRACE	0 <- [1,47,null,{"value":{"element-6066-11e4-a52e-4f735466cecf":"3f4111f5-ffe9-44d4-bfa3-08b671fb91ef"}}]
1543287736173	Marionette	TRACE	0 -> [0,48,"WebDriver:FindElement",{"using":"xpath","value":"//*[@id=\"emT:lrmd1:tbmd1:pc2:t2::db\"]/table[1]/tbody/tr[5]/td[2]/div/table/tbody/tr/td[2]"}]
1543287736174	Marionette	TRACE	0 <- [1,48,null,{"value":{"element-6066-11e4-a52e-4f735466cecf":"f6bd07fd-dea5-4b38-8ac6-f1236338f963"}}]
1543287736176	Marionette	TRACE	0 -> [0,49,"WebDriver:FindElement",{"using":"xpath","value":"//*[@id=\"emT:lrmd1:tbmd1:pc2:t2::db\"]/table[1]/tbody/tr[5]/td[2]/div/table/tbody/tr/td[3]"}]
1543287736178	Marionette	TRACE	0 <- [1,49,null,{"value":{"element-6066-11e4-a52e-4f735466cecf":"33b22fcb-99c5-4325-972c-d2fdbd623271"}}]
1543287736180	Marionette	TRACE	0 -> [0,50,"WebDriver:FindElement",{"using":"xpath","value":"//*[@id=\"emT:lrmd1:tbmd1:pc2:t2::db\"]/table[1]/tbody/tr[5]/td[2]/div/table/tbody/tr/td[6]"}]
1543287736182	Marionette	TRACE	0 <- [1,50,null,{"value":{"element-6066-11e4-a52e-4f735466cecf":"b1ef9f89-5005-4bc9-b2cc-e4c4e0e3e7c7"}}]
1543287736183	Marionette	TRACE	0 -> [0,51,"WebDriver:FindElement",{"element":"3f4111f5-ffe9-44d4-bfa3-08b671fb91ef","using":"css selector","value":"img"}]
1543287736184	Marionette	TRACE	0 <- [1,51,null,{"value":{"element-6066-11e4-a52e-4f735466cecf":"e7f22043-c95e-4b10-9677-a6c9ebc1ab29"}}]
1543287736185	Marionette	TRACE	0 -> [0,52,"WebDriver:ExecuteScript",{"args":[{"ELEMENT":"e7f22043-c95e-4b10-9677-a6c9ebc1ab29","element-6066-11e4-a52e-4f735466ce ... dow!='undefined'?window.document:null}, arguments);}\n).apply(null, arguments);","scriptTimeout":null,"specialPowers":false}]
1543287736188	Marionette	TRACE	0 <- [1,52,null,{"value":"严重"}]
1543287736189	Marionette	TRACE	0 -> [0,53,"WebDriver:ExecuteScript",{"args":[{"ELEMENT":"f6bd07fd-dea5-4b38-8ac6-f1236338f963","element-6066-11e4-a52e-4f735466ce ... dow!='undefined'?window.document:null}, arguments);}\n).apply(null, arguments);","scriptTimeout":null,"specialPowers":false}]
1543287736193	Marionette	TRACE	0 <- [1,53,null,{"value":"度量“丢失的全局高速缓存块”为 50,061"}]
1543287736194	Marionette	TRACE	0 -> [0,54,"WebDriver:ExecuteScript",{"args":[{"ELEMENT":"33b22fcb-99c5-4325-972c-d2fdbd623271","element-6066-11e4-a52e-4f735466ce ... dow!='undefined'?window.document:null}, arguments);}\n).apply(null, arguments);","scriptTimeout":null,"specialPowers":false}]
1543287736197	Marionette	TRACE	0 <- [1,54,null,{"value":"bssbidb_bssbidb2"}]
1543287736199	Marionette	TRACE	0 -> [0,55,"WebDriver:ExecuteScript",{"args":[{"ELEMENT":"b1ef9f89-5005-4bc9-b2cc-e4c4e0e3e7c7","element-6066-11e4-a52e-4f735466ce ... dow!='undefined'?window.document:null}, arguments);}\n).apply(null, arguments);","scriptTimeout":null,"specialPowers":false}]
1543287736201	Marionette	TRACE	0 <- [1,55,null,{"value":"73 天 16 小时"}]
1543287736203	Marionette	TRACE	0 -> [0,56,"WebDriver:FindElement",{"using":"xpath","value":"//*[@id=\"emT:lrmd1:tbmd1:pc2:t2::db\"]/table[1]/tbody/tr[6]/td[2]/div/table/tbody/tr/td[1]"}]
1543287736205	Marionette	TRACE	0 <- [1,56,null,{"value":{"element-6066-11e4-a52e-4f735466cecf":"3f359d65-56bc-42c7-8bf8-bb72b3c1d9c5"}}]
1543287736207	Marionette	TRACE	0 -> [0,57,"WebDriver:FindElement",{"using":"xpath","value":"//*[@id=\"emT:lrmd1:tbmd1:pc2:t2::db\"]/table[1]/tbody/tr[6]/td[2]/div/table/tbody/tr/td[2]"}]
1543287736210	Marionette	TRACE	0 <- [1,57,null,{"value":{"element-6066-11e4-a52e-4f735466cecf":"bcd8a1ec-05cd-4f80-8e81-ab2cb11863ce"}}]
1543287736211	Marionette	TRACE	0 -> [0,58,"WebDriver:FindElement",{"using":"xpath","value":"//*[@id=\"emT:lrmd1:tbmd1:pc2:t2::db\"]/table[1]/tbody/tr[6]/td[2]/div/table/tbody/tr/td[3]"}]
1543287736213	Marionette	TRACE	0 <- [1,58,null,{"value":{"element-6066-11e4-a52e-4f735466cecf":"aa80016e-4b02-4c22-92bf-c733a966f8f8"}}]
1543287736214	Marionette	TRACE	0 -> [0,59,"WebDriver:FindElement",{"using":"xpath","value":"//*[@id=\"emT:lrmd1:tbmd1:pc2:t2::db\"]/table[1]/tbody/tr[6]/td[2]/div/table/tbody/tr/td[6]"}]
1543287736216	Marionette	TRACE	0 <- [1,59,null,{"value":{"element-6066-11e4-a52e-4f735466cecf":"adbc347f-eb10-44f8-8435-87860ccf90ad"}}]
1543287736218	Marionette	TRACE	0 -> [0,60,"WebDriver:FindElement",{"element":"3f359d65-56bc-42c7-8bf8-bb72b3c1d9c5","using":"css selector","value":"img"}]
1543287736219	Marionette	TRACE	0 <- [1,60,null,{"value":{"element-6066-11e4-a52e-4f735466cecf":"849efc59-2854-4b69-93b6-967c8390982a"}}]
1543287736220	Marionette	TRACE	0 -> [0,61,"WebDriver:ExecuteScript",{"args":[{"ELEMENT":"849efc59-2854-4b69-93b6-967c8390982a","element-6066-11e4-a52e-4f735466ce ... dow!='undefined'?window.document:null}, arguments);}\n).apply(null, arguments);","scriptTimeout":null,"specialPowers":false}]
1543287736223	Marionette	TRACE	0 <- [1,61,null,{"value":"严重"}]
1543287736224	Marionette	TRACE	0 -> [0,62,"WebDriver:ExecuteScript",{"args":[{"ELEMENT":"bcd8a1ec-05cd-4f80-8e81-ab2cb11863ce","element-6066-11e4-a52e-4f735466ce ... dow!='undefined'?window.document:null}, arguments);}\n).apply(null, arguments);","scriptTimeout":null,"specialPowers":false}]
1543287736228	Marionette	TRACE	0 <- [1,62,null,{"value":"度量“丢失的全局高速缓存块”为 46,144"}]
1543287736230	Marionette	TRACE	0 -> [0,63,"WebDriver:ExecuteScript",{"args":[{"ELEMENT":"aa80016e-4b02-4c22-92bf-c733a966f8f8","element-6066-11e4-a52e-4f735466ce ... dow!='undefined'?window.document:null}, arguments);}\n).apply(null, arguments);","scriptTimeout":null,"specialPowers":false}]
1543287736233	Marionette	TRACE	0 <- [1,63,null,{"value":"bssbidb_bssbidb1"}]
1543287736234	Marionette	TRACE	0 -> [0,64,"WebDriver:ExecuteScript",{"args":[{"ELEMENT":"adbc347f-eb10-44f8-8435-87860ccf90ad","element-6066-11e4-a52e-4f735466ce ... dow!='undefined'?window.document:null}, arguments);}\n).apply(null, arguments);","scriptTimeout":null,"specialPowers":false}]
1543287736237	Marionette	TRACE	0 <- [1,64,null,{"value":"73 天 16 小时"}]
1543287736239	Marionette	TRACE	0 -> [0,65,"WebDriver:FindElement",{"using":"xpath","value":"//*[@id=\"emT:lrmd1:tbmd1:pc2:t2::db\"]/table[1]/tbody/tr[7]/td[2]/div/table/tbody/tr/td[1]"}]
1543287736241	Marionette	TRACE	0 <- [1,65,null,{"value":{"element-6066-11e4-a52e-4f735466cecf":"d6d323b6-995d-46ea-9063-b7de9f2fedfd"}}]
1543287736242	Marionette	TRACE	0 -> [0,66,"WebDriver:FindElement",{"using":"xpath","value":"//*[@id=\"emT:lrmd1:tbmd1:pc2:t2::db\"]/table[1]/tbody/tr[7]/td[2]/div/table/tbody/tr/td[2]"}]
1543287736244	Marionette	TRACE	0 <- [1,66,null,{"value":{"element-6066-11e4-a52e-4f735466cecf":"7665142c-5b2a-4a45-8a1f-862660029064"}}]
1543287736245	Marionette	TRACE	0 -> [0,67,"WebDriver:FindElement",{"using":"xpath","value":"//*[@id=\"emT:lrmd1:tbmd1:pc2:t2::db\"]/table[1]/tbody/tr[7]/td[2]/div/table/tbody/tr/td[3]"}]
1543287736247	Marionette	TRACE	0 <- [1,67,null,{"value":{"element-6066-11e4-a52e-4f735466cecf":"ea2f3646-47e4-4d13-8bc4-5ee21c1ecc19"}}]
1543287736248	Marionette	TRACE	0 -> [0,68,"WebDriver:FindElement",{"using":"xpath","value":"//*[@id=\"emT:lrmd1:tbmd1:pc2:t2::db\"]/table[1]/tbody/tr[7]/td[2]/div/table/tbody/tr/td[6]"}]
1543287736250	Marionette	TRACE	0 <- [1,68,null,{"value":{"element-6066-11e4-a52e-4f735466cecf":"66d0df6b-f015-4d91-8d94-df8d29bd7159"}}]
1543287736251	Marionette	TRACE	0 -> [0,69,"WebDriver:FindElement",{"element":"d6d323b6-995d-46ea-9063-b7de9f2fedfd","using":"css selector","value":"img"}]
1543287736252	Marionette	TRACE	0 <- [1,69,null,{"value":{"element-6066-11e4-a52e-4f735466cecf":"4b65c99d-76c7-41c5-8eb6-c897977c7fa8"}}]
1543287736254	Marionette	TRACE	0 -> [0,70,"WebDriver:ExecuteScript",{"args":[{"ELEMENT":"4b65c99d-76c7-41c5-8eb6-c897977c7fa8","element-6066-11e4-a52e-4f735466ce ... dow!='undefined'?window.document:null}, arguments);}\n).apply(null, arguments);","scriptTimeout":null,"specialPowers":false}]
1543287736257	Marionette	TRACE	0 <- [1,70,null,{"value":"警告"}]
1543287736258	Marionette	TRACE	0 -> [0,71,"WebDriver:ExecuteScript",{"args":[{"ELEMENT":"7665142c-5b2a-4a45-8a1f-862660029064","element-6066-11e4-a52e-4f735466ce ... dow!='undefined'?window.document:null}, arguments);}\n).apply(null, arguments);","scriptTimeout":null,"specialPowers":false}]
1543287736261	Marionette	TRACE	0 <- [1,71,null,{"value":"表空间 [INDX3A] 的 [92.5 %] 已满"}]
1543287736263	Marionette	TRACE	0 -> [0,72,"WebDriver:ExecuteScript",{"args":[{"ELEMENT":"ea2f3646-47e4-4d13-8bc4-5ee21c1ecc19","element-6066-11e4-a52e-4f735466ce ... dow!='undefined'?window.document:null}, arguments);}\n).apply(null, arguments);","scriptTimeout":null,"specialPowers":false}]
1543287736266	Marionette	TRACE	0 <- [1,72,null,{"value":"bssbidb"}]
1543287736267	Marionette	TRACE	0 -> [0,73,"WebDriver:ExecuteScript",{"args":[{"ELEMENT":"66d0df6b-f015-4d91-8d94-df8d29bd7159","element-6066-11e4-a52e-4f735466ce ... dow!='undefined'?window.document:null}, arguments);}\n).apply(null, arguments);","scriptTimeout":null,"specialPowers":false}]
1543287736270	Marionette	TRACE	0 <- [1,73,null,{"value":"27 天 13 小时"}]
1543287736272	Marionette	TRACE	0 -> [0,74,"WebDriver:FindElement",{"using":"xpath","value":"//*[@id=\"emT:lrmd1:tbmd1:pc2:t2::db\"]/table[1]/tbody/tr[8]/td[2]/div/table/tbody/tr/td[1]"}]
1543287736274	Marionette	TRACE	0 <- [1,74,null,{"value":{"element-6066-11e4-a52e-4f735466cecf":"d5085b7b-d58e-4ccb-a5cf-01ea40267ab2"}}]
1543287736275	Marionette	TRACE	0 -> [0,75,"WebDriver:FindElement",{"using":"xpath","value":"//*[@id=\"emT:lrmd1:tbmd1:pc2:t2::db\"]/table[1]/tbody/tr[8]/td[2]/div/table/tbody/tr/td[2]"}]
1543287736277	Marionette	TRACE	0 <- [1,75,null,{"value":{"element-6066-11e4-a52e-4f735466cecf":"73b505f7-7e5a-4743-91a8-fb39f2e9656e"}}]
1543287736278	Marionette	TRACE	0 -> [0,76,"WebDriver:FindElement",{"using":"xpath","value":"//*[@id=\"emT:lrmd1:tbmd1:pc2:t2::db\"]/table[1]/tbody/tr[8]/td[2]/div/table/tbody/tr/td[3]"}]
1543287736280	Marionette	TRACE	0 <- [1,76,null,{"value":{"element-6066-11e4-a52e-4f735466cecf":"bdb3e7c0-6b4f-4047-aa46-b33e7b5aecef"}}]
1543287736281	Marionette	TRACE	0 -> [0,77,"WebDriver:FindElement",{"using":"xpath","value":"//*[@id=\"emT:lrmd1:tbmd1:pc2:t2::db\"]/table[1]/tbody/tr[8]/td[2]/div/table/tbody/tr/td[6]"}]
1543287736283	Marionette	TRACE	0 <- [1,77,null,{"value":{"element-6066-11e4-a52e-4f735466cecf":"f60b83e5-cafd-457f-b569-d43242cc2750"}}]
1543287736284	Marionette	TRACE	0 -> [0,78,"WebDriver:FindElement",{"element":"d5085b7b-d58e-4ccb-a5cf-01ea40267ab2","using":"css selector","value":"img"}]
1543287736285	Marionette	TRACE	0 <- [1,78,null,{"value":{"element-6066-11e4-a52e-4f735466cecf":"20813ee9-a1f8-4847-84cc-70c3e7442f91"}}]
1543287736287	Marionette	TRACE	0 -> [0,79,"WebDriver:ExecuteScript",{"args":[{"ELEMENT":"20813ee9-a1f8-4847-84cc-70c3e7442f91","element-6066-11e4-a52e-4f735466ce ... dow!='undefined'?window.document:null}, arguments);}\n).apply(null, arguments);","scriptTimeout":null,"specialPowers":false}]
1543287736291	Marionette	TRACE	0 <- [1,79,null,{"value":"严重"}]
1543287736293	Marionette	TRACE	0 -> [0,80,"WebDriver:ExecuteScript",{"args":[{"ELEMENT":"73b505f7-7e5a-4743-91a8-fb39f2e9656e","element-6066-11e4-a52e-4f735466ce ... dow!='undefined'?window.document:null}, arguments);}\n).apply(null, arguments);","scriptTimeout":null,"specialPowers":false}]
1543287736296	Marionette	TRACE	0 <- [1,80,null,{"value":"磁盘组 DG_DATA07 已使用 91.28% 的安全可用的空闲空间。"}]
1543287736298	Marionette	TRACE	0 -> [0,81,"WebDriver:ExecuteScript",{"args":[{"ELEMENT":"bdb3e7c0-6b4f-4047-aa46-b33e7b5aecef","element-6066-11e4-a52e-4f735466ce ... dow!='undefined'?window.document:null}, arguments);}\n).apply(null, arguments);","scriptTimeout":null,"specialPowers":false}]
1543287736301	Marionette	TRACE	0 <- [1,81,null,{"value":"+ASM_bssbill-cluster"}]
1543287736303	Marionette	TRACE	0 -> [0,82,"WebDriver:ExecuteScript",{"args":[{"ELEMENT":"f60b83e5-cafd-457f-b569-d43242cc2750","element-6066-11e4-a52e-4f735466ce ... dow!='undefined'?window.document:null}, arguments);}\n).apply(null, arguments);","scriptTimeout":null,"specialPowers":false}]
1543287736306	Marionette	TRACE	0 <- [1,82,null,{"value":"28 天 2 小时"}]
1543287736307	Marionette	TRACE	0 -> [0,83,"WebDriver:FindElement",{"using":"xpath","value":"//*[@id=\"emT:lrmd1:tbmd1:pc2:t2::db\"]/table[1]/tbody/tr[9]/td[2]/div/table/tbody/tr/td[1]"}]
1543287736310	Marionette	TRACE	0 <- [1,83,null,{"value":{"element-6066-11e4-a52e-4f735466cecf":"23c05626-4578-4d9c-8046-09a4b71a72c0"}}]
1543287736311	Marionette	TRACE	0 -> [0,84,"WebDriver:FindElement",{"using":"xpath","value":"//*[@id=\"emT:lrmd1:tbmd1:pc2:t2::db\"]/table[1]/tbody/tr[9]/td[2]/div/table/tbody/tr/td[2]"}]
1543287736314	Marionette	TRACE	0 <- [1,84,null,{"value":{"element-6066-11e4-a52e-4f735466cecf":"13cd0ef9-42d5-4fd0-bcce-b2fb762fd240"}}]
1543287736317	Marionette	TRACE	0 -> [0,85,"WebDriver:FindElement",{"using":"xpath","value":"//*[@id=\"emT:lrmd1:tbmd1:pc2:t2::db\"]/table[1]/tbody/tr[9]/td[2]/div/table/tbody/tr/td[3]"}]
1543287736319	Marionette	TRACE	0 <- [1,85,null,{"value":{"element-6066-11e4-a52e-4f735466cecf":"77667caf-2501-430b-84a9-d491c8d05cd0"}}]
1543287736320	Marionette	TRACE	0 -> [0,86,"WebDriver:FindElement",{"using":"xpath","value":"//*[@id=\"emT:lrmd1:tbmd1:pc2:t2::db\"]/table[1]/tbody/tr[9]/td[2]/div/table/tbody/tr/td[6]"}]
1543287736322	Marionette	TRACE	0 <- [1,86,null,{"value":{"element-6066-11e4-a52e-4f735466cecf":"7c5730c4-9d64-40fd-8e3b-548571e8ada6"}}]
1543287736323	Marionette	TRACE	0 -> [0,87,"WebDriver:FindElement",{"element":"23c05626-4578-4d9c-8046-09a4b71a72c0","using":"css selector","value":"img"}]
1543287736324	Marionette	TRACE	0 <- [1,87,null,{"value":{"element-6066-11e4-a52e-4f735466cecf":"09ee1193-cf78-476c-b0ae-027d5e4a7106"}}]
1543287736326	Marionette	TRACE	0 -> [0,88,"WebDriver:ExecuteScript",{"args":[{"ELEMENT":"09ee1193-cf78-476c-b0ae-027d5e4a7106","element-6066-11e4-a52e-4f735466ce ... dow!='undefined'?window.document:null}, arguments);}\n).apply(null, arguments);","scriptTimeout":null,"specialPowers":false}]
1543287736329	Marionette	TRACE	0 <- [1,88,null,{"value":"严重"}]
1543287736330	Marionette	TRACE	0 -> [0,89,"WebDriver:ExecuteScript",{"args":[{"ELEMENT":"13cd0ef9-42d5-4fd0-bcce-b2fb762fd240","element-6066-11e4-a52e-4f735466ce ... dow!='undefined'?window.document:null}, arguments);}\n).apply(null, arguments);","scriptTimeout":null,"specialPowers":false}]
1543287736334	Marionette	TRACE	0 <- [1,89,null,{"value":"磁盘组 DG_DATA07 已使用 91.28%。"}]
1543287736336	Marionette	TRACE	0 -> [0,90,"WebDriver:ExecuteScript",{"args":[{"ELEMENT":"77667caf-2501-430b-84a9-d491c8d05cd0","element-6066-11e4-a52e-4f735466ce ... dow!='undefined'?window.document:null}, arguments);}\n).apply(null, arguments);","scriptTimeout":null,"specialPowers":false}]
1543287736339	Marionette	TRACE	0 <- [1,90,null,{"value":"+ASM_bssbill-cluster"}]
1543287736341	Marionette	TRACE	0 -> [0,91,"WebDriver:ExecuteScript",{"args":[{"ELEMENT":"7c5730c4-9d64-40fd-8e3b-548571e8ada6","element-6066-11e4-a52e-4f735466ce ... dow!='undefined'?window.document:null}, arguments);}\n).apply(null, arguments);","scriptTimeout":null,"specialPowers":false}]
1543287736344	Marionette	TRACE	0 <- [1,91,null,{"value":"28 天 2 小时"}]
1543287736345	Marionette	TRACE	0 -> [0,92,"WebDriver:FindElement",{"using":"xpath","value":"//*[@id=\"emT:lrmd1:tbmd1:pc2:t2::db\"]/table[1]/tbody/tr[10]/td[2]/div/table/tbody/tr/td[1]"}]
1543287736348	Marionette	TRACE	0 <- [1,92,{"error":"no such element","message":"Unable to locate element: //*[@id=\"emT:lrmd1:tbmd1:pc2:t2::db\"]/table[1]/tbody/ ... entError@chrome://marionette/content/error.js:388:5\nelement.find/</<@chrome://marionette/content/element.js:339:16\n"},null]
1543287736349	Marionette	TRACE	0 -> [0,93,"WebDriver:FindElement",{"using":"xpath","value":"//*[@id=\"emT:lrmd1:tbmd1:pc2:t2::db\"]/table[2]/tbody/tr[1]/td[2]/div/table/tbody/tr/td[1]"}]
1543287736351	Marionette	TRACE	0 <- [1,93,{"error":"no such element","message":"Unable to locate element: //*[@id=\"emT:lrmd1:tbmd1:pc2:t2::db\"]/table[2]/tbody/ ... entError@chrome://marionette/content/error.js:388:5\nelement.find/</<@chrome://marionette/content/element.js:339:16\n"},null]
1543287736352	Marionette	TRACE	0 -> [0,94,"WebDriver:FindElement",{"using":"xpath","value":"//*[@id=\"emT:lrmd1:tbmd1:pc2:t2::db\"]/table[3]/tbody/tr[1]/td[2]/div/table/tbody/tr/td[1]"}]
1543287736354	Marionette	TRACE	0 <- [1,94,{"error":"no such element","message":"Unable to locate element: //*[@id=\"emT:lrmd1:tbmd1:pc2:t2::db\"]/table[3]/tbody/ ... entError@chrome://marionette/content/error.js:388:5\nelement.find/</<@chrome://marionette/content/element.js:339:16\n"},null]
1543287736356	Marionette	TRACE	0 -> [0,95,"WebDriver:FindElement",{"using":"xpath","value":"//*[@id=\"emT:lrmd1:tbmd1:pc2:t2::db\"]/table[4]/tbody/tr[1]/td[2]/div/table/tbody/tr/td[1]"}]
1543287736358	Marionette	TRACE	0 <- [1,95,{"error":"no such element","message":"Unable to locate element: //*[@id=\"emT:lrmd1:tbmd1:pc2:t2::db\"]/table[4]/tbody/ ... entError@chrome://marionette/content/error.js:388:5\nelement.find/</<@chrome://marionette/content/element.js:339:16\n"},null]
1543287736359	Marionette	TRACE	0 -> [0,96,"WebDriver:FindElement",{"using":"xpath","value":"//*[@id=\"emT:lrmd1:tbmd1:pc2:t2::db\"]/table[5]/tbody/tr[1]/td[2]/div/table/tbody/tr/td[1]"}]
1543287736361	Marionette	TRACE	0 <- [1,96,{"error":"no such element","message":"Unable to locate element: //*[@id=\"emT:lrmd1:tbmd1:pc2:t2::db\"]/table[5]/tbody/ ... entError@chrome://marionette/content/error.js:388:5\nelement.find/</<@chrome://marionette/content/element.js:339:16\n"},null]
1543287736362	Marionette	TRACE	0 -> [0,97,"WebDriver:FindElement",{"using":"xpath","value":"//*[@id=\"emT:lrmd1:tbmd1:pc2:t2::db\"]/table[6]/tbody/tr[1]/td[2]/div/table/tbody/tr/td[1]"}]
1543287736364	Marionette	TRACE	0 <- [1,97,{"error":"no such element","message":"Unable to locate element: //*[@id=\"emT:lrmd1:tbmd1:pc2:t2::db\"]/table[6]/tbody/ ... entError@chrome://marionette/content/error.js:388:5\nelement.find/</<@chrome://marionette/content/element.js:339:16\n"},null]
1543287736365	Marionette	TRACE	0 -> [0,98,"WebDriver:FindElement",{"using":"xpath","value":"//*[@id=\"emT:lrmd1:tbmd1:pc2:t2::db\"]/table[7]/tbody/tr[1]/td[2]/div/table/tbody/tr/td[1]"}]
1543287736367	Marionette	TRACE	0 <- [1,98,{"error":"no such element","message":"Unable to locate element: //*[@id=\"emT:lrmd1:tbmd1:pc2:t2::db\"]/table[7]/tbody/ ... entError@chrome://marionette/content/error.js:388:5\nelement.find/</<@chrome://marionette/content/element.js:339:16\n"},null]
1543287736369	Marionette	TRACE	0 -> [0,99,"WebDriver:FindElement",{"using":"xpath","value":"//*[@id=\"emT:lrmd1:tbmd1:pc2:t2::db\"]/table[8]/tbody/tr[1]/td[2]/div/table/tbody/tr/td[1]"}]
1543287736371	Marionette	TRACE	0 <- [1,99,{"error":"no such element","message":"Unable to locate element: //*[@id=\"emT:lrmd1:tbmd1:pc2:t2::db\"]/table[8]/tbody/ ... entError@chrome://marionette/content/error.js:388:5\nelement.find/</<@chrome://marionette/content/element.js:339:16\n"},null]
1543287736372	Marionette	TRACE	0 -> [0,100,"WebDriver:FindElement",{"using":"xpath","value":"//*[@id=\"emT:lrmd1:tbmd1:pc2:t2::db\"]/table[9]/tbody/tr[1]/td[2]/div/table/tbody/tr/td[1]"}]
1543287736374	Marionette	TRACE	0 <- [1,100,{"error":"no such element","message":"Unable to locate element: //*[@id=\"emT:lrmd1:tbmd1:pc2:t2::db\"]/table[9]/tbody ... entError@chrome://marionette/content/error.js:388:5\nelement.find/</<@chrome://marionette/content/element.js:339:16\n"},null]
1543287736375	Marionette	TRACE	0 -> [0,101,"WebDriver:FindElement",{"using":"xpath","value":"//*[@id=\"emT:lrmd1:tbmd1:pc2:t2::db\"]/table[10]/tbody/tr[1]/td[2]/div/table/tbody/tr/td[1]"}]
1543287736377	Marionette	TRACE	0 <- [1,101,{"error":"no such element","message":"Unable to locate element: //*[@id=\"emT:lrmd1:tbmd1:pc2:t2::db\"]/table[10]/tbod ... entError@chrome://marionette/content/error.js:388:5\nelement.find/</<@chrome://marionette/content/element.js:339:16\n"},null]
1543287736378	Marionette	TRACE	0 -> [0,102,"WebDriver:FindElement",{"using":"xpath","value":"//*[@id=\"emT:lrmd1:tbmd1:pc2:t2::db\"]/table[11]/tbody/tr[1]/td[2]/div/table/tbody/tr/td[1]"}]
1543287736381	Marionette	TRACE	0 <- [1,102,{"error":"no such element","message":"Unable to locate element: //*[@id=\"emT:lrmd1:tbmd1:pc2:t2::db\"]/table[11]/tbod ... entError@chrome://marionette/content/error.js:388:5\nelement.find/</<@chrome://marionette/content/element.js:339:16\n"},null]
1543287736383	Marionette	TRACE	0 -> [0,103,"WebDriver:FindElement",{"using":"xpath","value":"//*[@id=\"emT:lrmd1:tbmd1:pc2:t2::db\"]/table[12]/tbody/tr[1]/td[2]/div/table/tbody/tr/td[1]"}]
1543287736385	Marionette	TRACE	0 <- [1,103,{"error":"no such element","message":"Unable to locate element: //*[@id=\"emT:lrmd1:tbmd1:pc2:t2::db\"]/table[12]/tbod ... entError@chrome://marionette/content/error.js:388:5\nelement.find/</<@chrome://marionette/content/element.js:339:16\n"},null]
1543287736386	Marionette	TRACE	0 -> [0,104,"WebDriver:FindElement",{"using":"xpath","value":"//*[@id=\"emT:lrmd1:tbmd1:pc2:t2::db\"]/table[13]/tbody/tr[1]/td[2]/div/table/tbody/tr/td[1]"}]
1543287736388	Marionette	TRACE	0 <- [1,104,{"error":"no such element","message":"Unable to locate element: //*[@id=\"emT:lrmd1:tbmd1:pc2:t2::db\"]/table[13]/tbod ... entError@chrome://marionette/content/error.js:388:5\nelement.find/</<@chrome://marionette/content/element.js:339:16\n"},null]
1543287736389	Marionette	TRACE	0 -> [0,105,"WebDriver:FindElement",{"using":"xpath","value":"//*[@id=\"emT:lrmd1:tbmd1:pc2:t2::db\"]/table[14]/tbody/tr[1]/td[2]/div/table/tbody/tr/td[1]"}]
1543287736391	Marionette	TRACE	0 <- [1,105,{"error":"no such element","message":"Unable to locate element: //*[@id=\"emT:lrmd1:tbmd1:pc2:t2::db\"]/table[14]/tbod ... entError@chrome://marionette/content/error.js:388:5\nelement.find/</<@chrome://marionette/content/element.js:339:16\n"},null]
1543287736392	Marionette	TRACE	0 -> [0,106,"WebDriver:FindElement",{"using":"xpath","value":"//*[@id=\"emT:lrmd1:tbmd1:pc2:t2::db\"]/table[15]/tbody/tr[1]/td[2]/div/table/tbody/tr/td[1]"}]
1543287736394	Marionette	TRACE	0 <- [1,106,{"error":"no such element","message":"Unable to locate element: //*[@id=\"emT:lrmd1:tbmd1:pc2:t2::db\"]/table[15]/tbod ... entError@chrome://marionette/content/error.js:388:5\nelement.find/</<@chrome://marionette/content/element.js:339:16\n"},null]
1543287736397	Marionette	TRACE	0 -> [0,107,"WebDriver:FindElement",{"using":"xpath","value":"//*[@id=\"emT:lrmd1:tbmd1:pc2:t2::db\"]/table[16]/tbody/tr[1]/td[2]/div/table/tbody/tr/td[1]"}]
1543287736399	Marionette	TRACE	0 <- [1,107,{"error":"no such element","message":"Unable to locate element: //*[@id=\"emT:lrmd1:tbmd1:pc2:t2::db\"]/table[16]/tbod ... entError@chrome://marionette/content/error.js:388:5\nelement.find/</<@chrome://marionette/content/element.js:339:16\n"},null]
1543287736400	Marionette	TRACE	0 -> [0,108,"WebDriver:FindElement",{"using":"xpath","value":"//*[@id=\"emT:lrmd1:tbmd1:pc2:t2::db\"]/table[17]/tbody/tr[1]/td[2]/div/table/tbody/tr/td[1]"}]
1543287736402	Marionette	TRACE	0 <- [1,108,{"error":"no such element","message":"Unable to locate element: //*[@id=\"emT:lrmd1:tbmd1:pc2:t2::db\"]/table[17]/tbod ... entError@chrome://marionette/content/error.js:388:5\nelement.find/</<@chrome://marionette/content/element.js:339:16\n"},null]
1543287736403	Marionette	TRACE	0 -> [0,109,"WebDriver:FindElement",{"using":"xpath","value":"//*[@id=\"emT:lrmd1:tbmd1:pc2:t2::db\"]/table[18]/tbody/tr[1]/td[2]/div/table/tbody/tr/td[1]"}]
1543287736406	Marionette	TRACE	0 <- [1,109,{"error":"no such element","message":"Unable to locate element: //*[@id=\"emT:lrmd1:tbmd1:pc2:t2::db\"]/table[18]/tbod ... entError@chrome://marionette/content/error.js:388:5\nelement.find/</<@chrome://marionette/content/element.js:339:16\n"},null]
1543287736407	Marionette	TRACE	0 -> [0,110,"WebDriver:FindElement",{"using":"xpath","value":"//*[@id=\"emT:lrmd1:tbmd1:pc2:t2::db\"]/table[19]/tbody/tr[1]/td[2]/div/table/tbody/tr/td[1]"}]
1543287736410	Marionette	TRACE	0 <- [1,110,{"error":"no such element","message":"Unable to locate element: //*[@id=\"emT:lrmd1:tbmd1:pc2:t2::db\"]/table[19]/tbod ... entError@chrome://marionette/content/error.js:388:5\nelement.find/</<@chrome://marionette/content/element.js:339:16\n"},null]
1543287736411	Marionette	TRACE	0 -> [0,111,"WebDriver:FindElement",{"using":"xpath","value":"//*[@id=\"emT:lrmd1:tbmd1:pc2:t2::db\"]/table[20]/tbody/tr[1]/td[2]/div/table/tbody/tr/td[1]"}]
1543287736413	Marionette	TRACE	0 <- [1,111,{"error":"no such element","message":"Unable to locate element: //*[@id=\"emT:lrmd1:tbmd1:pc2:t2::db\"]/table[20]/tbod ... entError@chrome://marionette/content/error.js:388:5\nelement.find/</<@chrome://marionette/content/element.js:339:16\n"},null]
1543287736414	Marionette	TRACE	0 -> [0,112,"WebDriver:FindElement",{"using":"xpath","value":"//*[@id=\"emT:lrmd1:tbmd1:pc2:t2::db\"]/table[21]/tbody/tr[1]/td[2]/div/table/tbody/tr/td[1]"}]
1543287736416	Marionette	TRACE	0 <- [1,112,{"error":"no such element","message":"Unable to locate element: //*[@id=\"emT:lrmd1:tbmd1:pc2:t2::db\"]/table[21]/tbod ... entError@chrome://marionette/content/error.js:388:5\nelement.find/</<@chrome://marionette/content/element.js:339:16\n"},null]
1543287736417	Marionette	TRACE	0 -> [0,113,"WebDriver:FindElement",{"using":"xpath","value":"//*[@id=\"emT:lrmd1:tbmd1:pc2:t2::db\"]/table[22]/tbody/tr[1]/td[2]/div/table/tbody/tr/td[1]"}]
1543287736419	Marionette	TRACE	0 <- [1,113,{"error":"no such element","message":"Unable to locate element: //*[@id=\"emT:lrmd1:tbmd1:pc2:t2::db\"]/table[22]/tbod ... entError@chrome://marionette/content/error.js:388:5\nelement.find/</<@chrome://marionette/content/element.js:339:16\n"},null]
1543287736421	Marionette	TRACE	0 -> [0,114,"WebDriver:FindElement",{"using":"xpath","value":"//*[@id=\"emT:lrmd1:tbmd1:pc2:t2::db\"]/table[23]/tbody/tr[1]/td[2]/div/table/tbody/tr/td[1]"}]
1543287736423	Marionette	TRACE	0 <- [1,114,{"error":"no such element","message":"Unable to locate element: //*[@id=\"emT:lrmd1:tbmd1:pc2:t2::db\"]/table[23]/tbod ... entError@chrome://marionette/content/error.js:388:5\nelement.find/</<@chrome://marionette/content/element.js:339:16\n"},null]
1543287736425	Marionette	TRACE	0 -> [0,115,"WebDriver:FindElement",{"using":"xpath","value":"//*[@id=\"emT:lrmd1:tbmd1:pc2:t2::db\"]/table[24]/tbody/tr[1]/td[2]/div/table/tbody/tr/td[1]"}]
1543287736427	Marionette	TRACE	0 <- [1,115,{"error":"no such element","message":"Unable to locate element: //*[@id=\"emT:lrmd1:tbmd1:pc2:t2::db\"]/table[24]/tbod ... entError@chrome://marionette/content/error.js:388:5\nelement.find/</<@chrome://marionette/content/element.js:339:16\n"},null]
1543287736428	Marionette	TRACE	0 -> [0,116,"WebDriver:FindElement",{"using":"xpath","value":"//*[@id=\"emT:lrmd1:tbmd1:pc2:t2::db\"]/table[25]/tbody/tr[1]/td[2]/div/table/tbody/tr/td[1]"}]
1543287736430	Marionette	TRACE	0 <- [1,116,{"error":"no such element","message":"Unable to locate element: //*[@id=\"emT:lrmd1:tbmd1:pc2:t2::db\"]/table[25]/tbod ... entError@chrome://marionette/content/error.js:388:5\nelement.find/</<@chrome://marionette/content/element.js:339:16\n"},null]
1543287736431	Marionette	TRACE	0 -> [0,117,"WebDriver:FindElement",{"using":"xpath","value":"//*[@id=\"emT:lrmd1:tbmd1:pc2:t2::db\"]/table[26]/tbody/tr[1]/td[2]/div/table/tbody/tr/td[1]"}]
1543287736433	Marionette	TRACE	0 <- [1,117,{"error":"no such element","message":"Unable to locate element: //*[@id=\"emT:lrmd1:tbmd1:pc2:t2::db\"]/table[26]/tbod ... entError@chrome://marionette/content/error.js:388:5\nelement.find/</<@chrome://marionette/content/element.js:339:16\n"},null]
1543287736434	Marionette	TRACE	0 -> [0,118,"WebDriver:FindElement",{"using":"xpath","value":"//*[@id=\"emT:lrmd1:tbmd1:pc2:t2::db\"]/table[27]/tbody/tr[1]/td[2]/div/table/tbody/tr/td[1]"}]
1543287736436	Marionette	TRACE	0 <- [1,118,{"error":"no such element","message":"Unable to locate element: //*[@id=\"emT:lrmd1:tbmd1:pc2:t2::db\"]/table[27]/tbod ... entError@chrome://marionette/content/error.js:388:5\nelement.find/</<@chrome://marionette/content/element.js:339:16\n"},null]
1543287736437	Marionette	TRACE	0 -> [0,119,"WebDriver:FindElement",{"using":"xpath","value":"//*[@id=\"emT:lrmd1:tbmd1:pc2:t2::db\"]/table[28]/tbody/tr[1]/td[2]/div/table/tbody/tr/td[1]"}]
1543287736439	Marionette	TRACE	0 <- [1,119,{"error":"no such element","message":"Unable to locate element: //*[@id=\"emT:lrmd1:tbmd1:pc2:t2::db\"]/table[28]/tbod ... entError@chrome://marionette/content/error.js:388:5\nelement.find/</<@chrome://marionette/content/element.js:339:16\n"},null]
1543287736440	Marionette	TRACE	0 -> [0,120,"WebDriver:FindElement",{"using":"xpath","value":"//*[@id=\"emT:lrmd1:tbmd1:pc2:t2::db\"]/table[29]/tbody/tr[1]/td[2]/div/table/tbody/tr/td[1]"}]
1543287736442	Marionette	TRACE	0 <- [1,120,{"error":"no such element","message":"Unable to locate element: //*[@id=\"emT:lrmd1:tbmd1:pc2:t2::db\"]/table[29]/tbod ... entError@chrome://marionette/content/error.js:388:5\nelement.find/</<@chrome://marionette/content/element.js:339:16\n"},null]
1543287736443	Marionette	TRACE	0 -> [0,121,"WebDriver:FindElement",{"using":"xpath","value":"//*[@id=\"emT:lrmd1:tbmd1:pc2:t2::db\"]/table[30]/tbody/tr[1]/td[2]/div/table/tbody/tr/td[1]"}]
1543287736445	Marionette	TRACE	0 <- [1,121,{"error":"no such element","message":"Unable to locate element: //*[@id=\"emT:lrmd1:tbmd1:pc2:t2::db\"]/table[30]/tbod ... entError@chrome://marionette/content/error.js:388:5\nelement.find/</<@chrome://marionette/content/element.js:339:16\n"},null]
1543287736447	Marionette	TRACE	0 -> [0,122,"WebDriver:FindElement",{"using":"xpath","value":"//*[@id=\"emT:lrmd1:tbmd1:pc2:t2::db\"]/table[31]/tbody/tr[1]/td[2]/div/table/tbody/tr/td[1]"}]
1543287736449	Marionette	TRACE	0 <- [1,122,{"error":"no such element","message":"Unable to locate element: //*[@id=\"emT:lrmd1:tbmd1:pc2:t2::db\"]/table[31]/tbod ... entError@chrome://marionette/content/error.js:388:5\nelement.find/</<@chrome://marionette/content/element.js:339:16\n"},null]
1543287736450	Marionette	TRACE	0 -> [0,123,"WebDriver:FindElement",{"using":"xpath","value":"//*[@id=\"emT:lrmd1:tbmd1:pc2:t2::db\"]/table[32]/tbody/tr[1]/td[2]/div/table/tbody/tr/td[1]"}]
1543287736452	Marionette	TRACE	0 <- [1,123,{"error":"no such element","message":"Unable to locate element: //*[@id=\"emT:lrmd1:tbmd1:pc2:t2::db\"]/table[32]/tbod ... entError@chrome://marionette/content/error.js:388:5\nelement.find/</<@chrome://marionette/content/element.js:339:16\n"},null]
1543287736453	Marionette	TRACE	0 -> [0,124,"WebDriver:FindElement",{"using":"xpath","value":"//*[@id=\"emT:lrmd1:tbmd1:pc2:t2::db\"]/table[33]/tbody/tr[1]/td[2]/div/table/tbody/tr/td[1]"}]
1543287736455	Marionette	TRACE	0 <- [1,124,{"error":"no such element","message":"Unable to locate element: //*[@id=\"emT:lrmd1:tbmd1:pc2:t2::db\"]/table[33]/tbod ... entError@chrome://marionette/content/error.js:388:5\nelement.find/</<@chrome://marionette/content/element.js:339:16\n"},null]
1543287736456	Marionette	TRACE	0 -> [0,125,"WebDriver:FindElement",{"using":"xpath","value":"//*[@id=\"emT:lrmd1:tbmd1:pc2:t2::db\"]/table[34]/tbody/tr[1]/td[2]/div/table/tbody/tr/td[1]"}]
1543287736458	Marionette	TRACE	0 <- [1,125,{"error":"no such element","message":"Unable to locate element: //*[@id=\"emT:lrmd1:tbmd1:pc2:t2::db\"]/table[34]/tbod ... entError@chrome://marionette/content/error.js:388:5\nelement.find/</<@chrome://marionette/content/element.js:339:16\n"},null]
1543287736459	Marionette	TRACE	0 -> [0,126,"WebDriver:FindElement",{"using":"xpath","value":"//*[@id=\"emT:lrmd1:tbmd1:pc2:t2::db\"]/table[35]/tbody/tr[1]/td[2]/div/table/tbody/tr/td[1]"}]
1543287736461	Marionette	TRACE	0 <- [1,126,{"error":"no such element","message":"Unable to locate element: //*[@id=\"emT:lrmd1:tbmd1:pc2:t2::db\"]/table[35]/tbod ... entError@chrome://marionette/content/error.js:388:5\nelement.find/</<@chrome://marionette/content/element.js:339:16\n"},null]
1543287736462	Marionette	TRACE	0 -> [0,127,"WebDriver:FindElement",{"using":"xpath","value":"//*[@id=\"emT:lrmd1:tbmd1:pc2:t2::db\"]/table[36]/tbody/tr[1]/td[2]/div/table/tbody/tr/td[1]"}]
1543287736464	Marionette	TRACE	0 <- [1,127,{"error":"no such element","message":"Unable to locate element: //*[@id=\"emT:lrmd1:tbmd1:pc2:t2::db\"]/table[36]/tbod ... entError@chrome://marionette/content/error.js:388:5\nelement.find/</<@chrome://marionette/content/element.js:339:16\n"},null]
1543287736465	Marionette	TRACE	0 -> [0,128,"WebDriver:FindElement",{"using":"xpath","value":"//*[@id=\"emT:lrmd1:tbmd1:pc2:t2::db\"]/table[37]/tbody/tr[1]/td[2]/div/table/tbody/tr/td[1]"}]
1543287736467	Marionette	TRACE	0 <- [1,128,{"error":"no such element","message":"Unable to locate element: //*[@id=\"emT:lrmd1:tbmd1:pc2:t2::db\"]/table[37]/tbod ... entError@chrome://marionette/content/error.js:388:5\nelement.find/</<@chrome://marionette/content/element.js:339:16\n"},null]
1543287736468	Marionette	TRACE	0 -> [0,129,"WebDriver:FindElement",{"using":"xpath","value":"//*[@id=\"emT:lrmd1:tbmd1:pc2:t2::db\"]/table[38]/tbody/tr[1]/td[2]/div/table/tbody/tr/td[1]"}]
1543287736470	Marionette	TRACE	0 <- [1,129,{"error":"no such element","message":"Unable to locate element: //*[@id=\"emT:lrmd1:tbmd1:pc2:t2::db\"]/table[38]/tbod ... entError@chrome://marionette/content/error.js:388:5\nelement.find/</<@chrome://marionette/content/element.js:339:16\n"},null]
1543287736471	Marionette	TRACE	0 -> [0,130,"WebDriver:FindElement",{"using":"xpath","value":"//*[@id=\"emT:lrmd1:tbmd1:pc2:t2::db\"]/table[39]/tbody/tr[1]/td[2]/div/table/tbody/tr/td[1]"}]
1543287736473	Marionette	TRACE	0 <- [1,130,{"error":"no such element","message":"Unable to locate element: //*[@id=\"emT:lrmd1:tbmd1:pc2:t2::db\"]/table[39]/tbod ... entError@chrome://marionette/content/error.js:388:5\nelement.find/</<@chrome://marionette/content/element.js:339:16\n"},null]
1543287736474	Marionette	TRACE	0 -> [0,131,"WebDriver:FindElement",{"using":"xpath","value":"//*[@id=\"emT:lrmd1:tbmd1:pc2:t2::db\"]/table[40]/tbody/tr[1]/td[2]/div/table/tbody/tr/td[1]"}]
1543287736475	Marionette	TRACE	0 <- [1,131,{"error":"no such element","message":"Unable to locate element: //*[@id=\"emT:lrmd1:tbmd1:pc2:t2::db\"]/table[40]/tbod ... entError@chrome://marionette/content/error.js:388:5\nelement.find/</<@chrome://marionette/content/element.js:339:16\n"},null]
1543287736477	Marionette	TRACE	0 -> [0,132,"WebDriver:FindElement",{"using":"xpath","value":"//*[@id=\"emT:lrmd1:tbmd1:pc2:t2::db\"]/table[41]/tbody/tr[1]/td[2]/div/table/tbody/tr/td[1]"}]
1543287736478	Marionette	TRACE	0 <- [1,132,{"error":"no such element","message":"Unable to locate element: //*[@id=\"emT:lrmd1:tbmd1:pc2:t2::db\"]/table[41]/tbod ... entError@chrome://marionette/content/error.js:388:5\nelement.find/</<@chrome://marionette/content/element.js:339:16\n"},null]
1543287736480	Marionette	TRACE	0 -> [0,133,"WebDriver:FindElement",{"using":"xpath","value":"//*[@id=\"emT:lrmd1:tbmd1:pc2:t2::db\"]/table[42]/tbody/tr[1]/td[2]/div/table/tbody/tr/td[1]"}]
1543287736481	Marionette	TRACE	0 <- [1,133,{"error":"no such element","message":"Unable to locate element: //*[@id=\"emT:lrmd1:tbmd1:pc2:t2::db\"]/table[42]/tbod ... entError@chrome://marionette/content/error.js:388:5\nelement.find/</<@chrome://marionette/content/element.js:339:16\n"},null]
1543287736483	Marionette	TRACE	0 -> [0,134,"WebDriver:FindElement",{"using":"xpath","value":"//*[@id=\"emT:lrmd1:tbmd1:pc2:t2::db\"]/table[43]/tbody/tr[1]/td[2]/div/table/tbody/tr/td[1]"}]
1543287736486	Marionette	TRACE	0 <- [1,134,{"error":"no such element","message":"Unable to locate element: //*[@id=\"emT:lrmd1:tbmd1:pc2:t2::db\"]/table[43]/tbod ... entError@chrome://marionette/content/error.js:388:5\nelement.find/</<@chrome://marionette/content/element.js:339:16\n"},null]
1543287736487	Marionette	TRACE	0 -> [0,135,"WebDriver:FindElement",{"using":"xpath","value":"//*[@id=\"emT:lrmd1:tbmd1:pc2:t2::db\"]/table[44]/tbody/tr[1]/td[2]/div/table/tbody/tr/td[1]"}]
1543287736489	Marionette	TRACE	0 <- [1,135,{"error":"no such element","message":"Unable to locate element: //*[@id=\"emT:lrmd1:tbmd1:pc2:t2::db\"]/table[44]/tbod ... entError@chrome://marionette/content/error.js:388:5\nelement.find/</<@chrome://marionette/content/element.js:339:16\n"},null]
1543287736491	Marionette	TRACE	0 -> [0,136,"WebDriver:FindElement",{"using":"xpath","value":"//*[@id=\"emT:lrmd1:tbmd1:pc2:t2::db\"]/table[45]/tbody/tr[1]/td[2]/div/table/tbody/tr/td[1]"}]
1543287736493	Marionette	TRACE	0 <- [1,136,{"error":"no such element","message":"Unable to locate element: //*[@id=\"emT:lrmd1:tbmd1:pc2:t2::db\"]/table[45]/tbod ... entError@chrome://marionette/content/error.js:388:5\nelement.find/</<@chrome://marionette/content/element.js:339:16\n"},null]
1543287736494	Marionette	TRACE	0 -> [0,137,"WebDriver:FindElement",{"using":"xpath","value":"//*[@id=\"emT:lrmd1:tbmd1:pc2:t2::db\"]/table[46]/tbody/tr[1]/td[2]/div/table/tbody/tr/td[1]"}]
1543287736496	Marionette	TRACE	0 <- [1,137,{"error":"no such element","message":"Unable to locate element: //*[@id=\"emT:lrmd1:tbmd1:pc2:t2::db\"]/table[46]/tbod ... entError@chrome://marionette/content/error.js:388:5\nelement.find/</<@chrome://marionette/content/element.js:339:16\n"},null]
1543287736497	Marionette	TRACE	0 -> [0,138,"WebDriver:FindElement",{"using":"xpath","value":"//*[@id=\"emT:lrmd1:tbmd1:pc2:t2::db\"]/table[47]/tbody/tr[1]/td[2]/div/table/tbody/tr/td[1]"}]
1543287736499	Marionette	TRACE	0 <- [1,138,{"error":"no such element","message":"Unable to locate element: //*[@id=\"emT:lrmd1:tbmd1:pc2:t2::db\"]/table[47]/tbod ... entError@chrome://marionette/content/error.js:388:5\nelement.find/</<@chrome://marionette/content/element.js:339:16\n"},null]
1543287736501	Marionette	TRACE	0 -> [0,139,"WebDriver:FindElement",{"using":"xpath","value":"//*[@id=\"emT:lrmd1:tbmd1:pc2:t2::db\"]/table[48]/tbody/tr[1]/td[2]/div/table/tbody/tr/td[1]"}]
1543287736503	Marionette	TRACE	0 <- [1,139,{"error":"no such element","message":"Unable to locate element: //*[@id=\"emT:lrmd1:tbmd1:pc2:t2::db\"]/table[48]/tbod ... entError@chrome://marionette/content/error.js:388:5\nelement.find/</<@chrome://marionette/content/element.js:339:16\n"},null]
1543287736504	Marionette	TRACE	0 -> [0,140,"WebDriver:FindElement",{"using":"xpath","value":"//*[@id=\"emT:lrmd1:tbmd1:pc2:t2::db\"]/table[49]/tbody/tr[1]/td[2]/div/table/tbody/tr/td[1]"}]
1543287736506	Marionette	TRACE	0 <- [1,140,{"error":"no such element","message":"Unable to locate element: //*[@id=\"emT:lrmd1:tbmd1:pc2:t2::db\"]/table[49]/tbod ... entError@chrome://marionette/content/error.js:388:5\nelement.find/</<@chrome://marionette/content/element.js:339:16\n"},null]
1543287736508	Marionette	TRACE	0 -> [0,141,"WebDriver:FindElement",{"using":"xpath","value":"//*[@id=\"emT:lrmd1:tbmd1:pc2:t2::db\"]/table[50]/tbody/tr[1]/td[2]/div/table/tbody/tr/td[1]"}]
1543287736510	Marionette	TRACE	0 <- [1,141,{"error":"no such element","message":"Unable to locate element: //*[@id=\"emT:lrmd1:tbmd1:pc2:t2::db\"]/table[50]/tbod ... entError@chrome://marionette/content/error.js:388:5\nelement.find/</<@chrome://marionette/content/element.js:339:16\n"},null]
1543287736511	Marionette	TRACE	0 -> [0,142,"WebDriver:FindElement",{"using":"xpath","value":"//*[@id=\"emT:lrmd1:tbmd1:pc2:t2::db\"]/table[51]/tbody/tr[1]/td[2]/div/table/tbody/tr/td[1]"}]
1543287736514	Marionette	TRACE	0 <- [1,142,{"error":"no such element","message":"Unable to locate element: //*[@id=\"emT:lrmd1:tbmd1:pc2:t2::db\"]/table[51]/tbod ... entError@chrome://marionette/content/error.js:388:5\nelement.find/</<@chrome://marionette/content/element.js:339:16\n"},null]
1543287736515	Marionette	TRACE	0 -> [0,143,"WebDriver:FindElement",{"using":"xpath","value":"//*[@id=\"emT:lrmd1:tbmd1:pc2:t2::db\"]/table[52]/tbody/tr[1]/td[2]/div/table/tbody/tr/td[1]"}]
1543287736517	Marionette	TRACE	0 <- [1,143,{"error":"no such element","message":"Unable to locate element: //*[@id=\"emT:lrmd1:tbmd1:pc2:t2::db\"]/table[52]/tbod ... entError@chrome://marionette/content/error.js:388:5\nelement.find/</<@chrome://marionette/content/element.js:339:16\n"},null]
1543287736518	Marionette	TRACE	0 -> [0,144,"WebDriver:FindElement",{"using":"xpath","value":"//*[@id=\"emT:lrmd1:tbmd1:pc2:t2::db\"]/table[53]/tbody/tr[1]/td[2]/div/table/tbody/tr/td[1]"}]
1543287736520	Marionette	TRACE	0 <- [1,144,{"error":"no such element","message":"Unable to locate element: //*[@id=\"emT:lrmd1:tbmd1:pc2:t2::db\"]/table[53]/tbod ... entError@chrome://marionette/content/error.js:388:5\nelement.find/</<@chrome://marionette/content/element.js:339:16\n"},null]
1543287736522	Marionette	TRACE	0 -> [0,145,"WebDriver:FindElement",{"using":"xpath","value":"//*[@id=\"emT:lrmd1:tbmd1:pc2:t2::db\"]/table[54]/tbody/tr[1]/td[2]/div/table/tbody/tr/td[1]"}]
1543287736524	Marionette	TRACE	0 <- [1,145,{"error":"no such element","message":"Unable to locate element: //*[@id=\"emT:lrmd1:tbmd1:pc2:t2::db\"]/table[54]/tbod ... entError@chrome://marionette/content/error.js:388:5\nelement.find/</<@chrome://marionette/content/element.js:339:16\n"},null]
1543287736525	Marionette	TRACE	0 -> [0,146,"WebDriver:FindElement",{"using":"xpath","value":"//*[@id=\"emT:lrmd1:tbmd1:pc2:t2::db\"]/table[55]/tbody/tr[1]/td[2]/div/table/tbody/tr/td[1]"}]
1543287736527	Marionette	TRACE	0 <- [1,146,{"error":"no such element","message":"Unable to locate element: //*[@id=\"emT:lrmd1:tbmd1:pc2:t2::db\"]/table[55]/tbod ... entError@chrome://marionette/content/error.js:388:5\nelement.find/</<@chrome://marionette/content/element.js:339:16\n"},null]
1543287736528	Marionette	TRACE	0 -> [0,147,"WebDriver:FindElement",{"using":"xpath","value":"//*[@id=\"emT:lrmd1:tbmd1:pc2:t2::db\"]/table[56]/tbody/tr[1]/td[2]/div/table/tbody/tr/td[1]"}]
1543287736530	Marionette	TRACE	0 <- [1,147,{"error":"no such element","message":"Unable to locate element: //*[@id=\"emT:lrmd1:tbmd1:pc2:t2::db\"]/table[56]/tbod ... entError@chrome://marionette/content/error.js:388:5\nelement.find/</<@chrome://marionette/content/element.js:339:16\n"},null]
1543287736531	Marionette	TRACE	0 -> [0,148,"WebDriver:FindElement",{"using":"xpath","value":"//*[@id=\"emT:lrmd1:tbmd1:pc2:t2::db\"]/table[57]/tbody/tr[1]/td[2]/div/table/tbody/tr/td[1]"}]
1543287736533	Marionette	TRACE	0 <- [1,148,{"error":"no such element","message":"Unable to locate element: //*[@id=\"emT:lrmd1:tbmd1:pc2:t2::db\"]/table[57]/tbod ... entError@chrome://marionette/content/error.js:388:5\nelement.find/</<@chrome://marionette/content/element.js:339:16\n"},null]
1543287736535	Marionette	TRACE	0 -> [0,149,"WebDriver:FindElement",{"using":"xpath","value":"//*[@id=\"emT:lrmd1:tbmd1:pc2:t2::db\"]/table[58]/tbody/tr[1]/td[2]/div/table/tbody/tr/td[1]"}]
1543287736536	Marionette	TRACE	0 <- [1,149,{"error":"no such element","message":"Unable to locate element: //*[@id=\"emT:lrmd1:tbmd1:pc2:t2::db\"]/table[58]/tbod ... entError@chrome://marionette/content/error.js:388:5\nelement.find/</<@chrome://marionette/content/element.js:339:16\n"},null]
1543287736538	Marionette	TRACE	0 -> [0,150,"WebDriver:FindElement",{"using":"xpath","value":"//*[@id=\"emT:lrmd1:tbmd1:pc2:t2::db\"]/table[59]/tbody/tr[1]/td[2]/div/table/tbody/tr/td[1]"}]
1543287736540	Marionette	TRACE	0 <- [1,150,{"error":"no such element","message":"Unable to locate element: //*[@id=\"emT:lrmd1:tbmd1:pc2:t2::db\"]/table[59]/tbod ... entError@chrome://marionette/content/error.js:388:5\nelement.find/</<@chrome://marionette/content/element.js:339:16\n"},null]
1543287736543	Marionette	TRACE	0 -> [0,151,"WebDriver:FindElement",{"using":"xpath","value":"//*[@id=\"emT:lrmd1:tbmd1:pc2:t2::db\"]/table[60]/tbody/tr[1]/td[2]/div/table/tbody/tr/td[1]"}]
1543287736544	Marionette	TRACE	0 <- [1,151,{"error":"no such element","message":"Unable to locate element: //*[@id=\"emT:lrmd1:tbmd1:pc2:t2::db\"]/table[60]/tbod ... entError@chrome://marionette/content/error.js:388:5\nelement.find/</<@chrome://marionette/content/element.js:339:16\n"},null]
1543287736545	Marionette	TRACE	0 -> [0,152,"WebDriver:FindElement",{"using":"xpath","value":"//*[@id=\"emT:lrmd1:tbmd1:pc2:t2::db\"]/table[61]/tbody/tr[1]/td[2]/div/table/tbody/tr/td[1]"}]
1543287736547	Marionette	TRACE	0 <- [1,152,{"error":"no such element","message":"Unable to locate element: //*[@id=\"emT:lrmd1:tbmd1:pc2:t2::db\"]/table[61]/tbod ... entError@chrome://marionette/content/error.js:388:5\nelement.find/</<@chrome://marionette/content/element.js:339:16\n"},null]
1543287736548	Marionette	TRACE	0 -> [0,153,"WebDriver:FindElement",{"using":"xpath","value":"//*[@id=\"emT:lrmd1:tbmd1:pc2:t2::db\"]/table[62]/tbody/tr[1]/td[2]/div/table/tbody/tr/td[1]"}]
1543287736551	Marionette	TRACE	0 <- [1,153,{"error":"no such element","message":"Unable to locate element: //*[@id=\"emT:lrmd1:tbmd1:pc2:t2::db\"]/table[62]/tbod ... entError@chrome://marionette/content/error.js:388:5\nelement.find/</<@chrome://marionette/content/element.js:339:16\n"},null]
1543287736552	Marionette	TRACE	0 -> [0,154,"WebDriver:FindElement",{"using":"xpath","value":"//*[@id=\"emT:lrmd1:tbmd1:pc2:t2::db\"]/table[63]/tbody/tr[1]/td[2]/div/table/tbody/tr/td[1]"}]
1543287736554	Marionette	TRACE	0 <- [1,154,{"error":"no such element","message":"Unable to locate element: //*[@id=\"emT:lrmd1:tbmd1:pc2:t2::db\"]/table[63]/tbod ... entError@chrome://marionette/content/error.js:388:5\nelement.find/</<@chrome://marionette/content/element.js:339:16\n"},null]
1543287736555	Marionette	TRACE	0 -> [0,155,"WebDriver:FindElement",{"using":"xpath","value":"//*[@id=\"emT:lrmd1:tbmd1:pc2:t2::db\"]/table[64]/tbody/tr[1]/td[2]/div/table/tbody/tr/td[1]"}]
1543287736557	Marionette	TRACE	0 <- [1,155,{"error":"no such element","message":"Unable to locate element: //*[@id=\"emT:lrmd1:tbmd1:pc2:t2::db\"]/table[64]/tbod ... entError@chrome://marionette/content/error.js:388:5\nelement.find/</<@chrome://marionette/content/element.js:339:16\n"},null]
1543287736558	Marionette	TRACE	0 -> [0,156,"WebDriver:FindElement",{"using":"xpath","value":"//*[@id=\"emT:lrmd1:tbmd1:pc2:t2::db\"]/table[65]/tbody/tr[1]/td[2]/div/table/tbody/tr/td[1]"}]
1543287736560	Marionette	TRACE	0 <- [1,156,{"error":"no such element","message":"Unable to locate element: //*[@id=\"emT:lrmd1:tbmd1:pc2:t2::db\"]/table[65]/tbod ... entError@chrome://marionette/content/error.js:388:5\nelement.find/</<@chrome://marionette/content/element.js:339:16\n"},null]
1543287736561	Marionette	TRACE	0 -> [0,157,"WebDriver:FindElement",{"using":"xpath","value":"//*[@id=\"emT:lrmd1:tbmd1:pc2:t2::db\"]/table[66]/tbody/tr[1]/td[2]/div/table/tbody/tr/td[1]"}]
1543287736563	Marionette	TRACE	0 <- [1,157,{"error":"no such element","message":"Unable to locate element: //*[@id=\"emT:lrmd1:tbmd1:pc2:t2::db\"]/table[66]/tbod ... entError@chrome://marionette/content/error.js:388:5\nelement.find/</<@chrome://marionette/content/element.js:339:16\n"},null]
1543287736564	Marionette	TRACE	0 -> [0,158,"WebDriver:FindElement",{"using":"xpath","value":"//*[@id=\"emT:lrmd1:tbmd1:pc2:t2::db\"]/table[67]/tbody/tr[1]/td[2]/div/table/tbody/tr/td[1]"}]
1543287736566	Marionette	TRACE	0 <- [1,158,{"error":"no such element","message":"Unable to locate element: //*[@id=\"emT:lrmd1:tbmd1:pc2:t2::db\"]/table[67]/tbod ... entError@chrome://marionette/content/error.js:388:5\nelement.find/</<@chrome://marionette/content/element.js:339:16\n"},null]
1543287736567	Marionette	TRACE	0 -> [0,159,"WebDriver:FindElement",{"using":"xpath","value":"//*[@id=\"emT:lrmd1:tbmd1:pc2:t2::db\"]/table[68]/tbody/tr[1]/td[2]/div/table/tbody/tr/td[1]"}]
1543287736569	Marionette	TRACE	0 <- [1,159,{"error":"no such element","message":"Unable to locate element: //*[@id=\"emT:lrmd1:tbmd1:pc2:t2::db\"]/table[68]/tbod ... entError@chrome://marionette/content/error.js:388:5\nelement.find/</<@chrome://marionette/content/element.js:339:16\n"},null]
1543287736570	Marionette	TRACE	0 -> [0,160,"WebDriver:FindElement",{"using":"xpath","value":"//*[@id=\"emT:lrmd1:tbmd1:pc2:t2::db\"]/table[69]/tbody/tr[1]/td[2]/div/table/tbody/tr/td[1]"}]
1543287736572	Marionette	TRACE	0 <- [1,160,{"error":"no such element","message":"Unable to locate element: //*[@id=\"emT:lrmd1:tbmd1:pc2:t2::db\"]/table[69]/tbod ... entError@chrome://marionette/content/error.js:388:5\nelement.find/</<@chrome://marionette/content/element.js:339:16\n"},null]
1543287736574	Marionette	TRACE	0 -> [0,161,"WebDriver:FindElement",{"using":"xpath","value":"//*[@id=\"emT:lrmd1:tbmd1:pc2:t2::db\"]/table[70]/tbody/tr[1]/td[2]/div/table/tbody/tr/td[1]"}]
1543287736575	Marionette	TRACE	0 <- [1,161,{"error":"no such element","message":"Unable to locate element: //*[@id=\"emT:lrmd1:tbmd1:pc2:t2::db\"]/table[70]/tbod ... entError@chrome://marionette/content/error.js:388:5\nelement.find/</<@chrome://marionette/content/element.js:339:16\n"},null]
1543287736577	Marionette	TRACE	0 -> [0,162,"WebDriver:FindElement",{"using":"xpath","value":"//*[@id=\"emT:lrmd1:tbmd1:pc2:t2::db\"]/table[71]/tbody/tr[1]/td[2]/div/table/tbody/tr/td[1]"}]
1543287736578	Marionette	TRACE	0 <- [1,162,{"error":"no such element","message":"Unable to locate element: //*[@id=\"emT:lrmd1:tbmd1:pc2:t2::db\"]/table[71]/tbod ... entError@chrome://marionette/content/error.js:388:5\nelement.find/</<@chrome://marionette/content/element.js:339:16\n"},null]
1543287736580	Marionette	TRACE	0 -> [0,163,"WebDriver:FindElement",{"using":"xpath","value":"//*[@id=\"emT:lrmd1:tbmd1:pc2:t2::db\"]/table[72]/tbody/tr[1]/td[2]/div/table/tbody/tr/td[1]"}]
1543287736581	Marionette	TRACE	0 <- [1,163,{"error":"no such element","message":"Unable to locate element: //*[@id=\"emT:lrmd1:tbmd1:pc2:t2::db\"]/table[72]/tbod ... entError@chrome://marionette/content/error.js:388:5\nelement.find/</<@chrome://marionette/content/element.js:339:16\n"},null]
1543287736583	Marionette	TRACE	0 -> [0,164,"WebDriver:FindElement",{"using":"xpath","value":"//*[@id=\"emT:lrmd1:tbmd1:pc2:t2::db\"]/table[73]/tbody/tr[1]/td[2]/div/table/tbody/tr/td[1]"}]
1543287736585	Marionette	TRACE	0 <- [1,164,{"error":"no such element","message":"Unable to locate element: //*[@id=\"emT:lrmd1:tbmd1:pc2:t2::db\"]/table[73]/tbod ... entError@chrome://marionette/content/error.js:388:5\nelement.find/</<@chrome://marionette/content/element.js:339:16\n"},null]
1543287736586	Marionette	TRACE	0 -> [0,165,"WebDriver:FindElement",{"using":"xpath","value":"//*[@id=\"emT:lrmd1:tbmd1:pc2:t2::db\"]/table[74]/tbody/tr[1]/td[2]/div/table/tbody/tr/td[1]"}]
1543287736588	Marionette	TRACE	0 <- [1,165,{"error":"no such element","message":"Unable to locate element: //*[@id=\"emT:lrmd1:tbmd1:pc2:t2::db\"]/table[74]/tbod ... entError@chrome://marionette/content/error.js:388:5\nelement.find/</<@chrome://marionette/content/element.js:339:16\n"},null]
1543287736589	Marionette	TRACE	0 -> [0,166,"WebDriver:FindElement",{"using":"xpath","value":"//*[@id=\"emT:lrmd1:tbmd1:pc2:t2::db\"]/table[75]/tbody/tr[1]/td[2]/div/table/tbody/tr/td[1]"}]
1543287736591	Marionette	TRACE	0 <- [1,166,{"error":"no such element","message":"Unable to locate element: //*[@id=\"emT:lrmd1:tbmd1:pc2:t2::db\"]/table[75]/tbod ... entError@chrome://marionette/content/error.js:388:5\nelement.find/</<@chrome://marionette/content/element.js:339:16\n"},null]
1543287736592	Marionette	TRACE	0 -> [0,167,"WebDriver:FindElement",{"using":"xpath","value":"//*[@id=\"emT:lrmd1:tbmd1:pc2:t2::db\"]/table[76]/tbody/tr[1]/td[2]/div/table/tbody/tr/td[1]"}]
1543287736595	Marionette	TRACE	0 <- [1,167,{"error":"no such element","message":"Unable to locate element: //*[@id=\"emT:lrmd1:tbmd1:pc2:t2::db\"]/table[76]/tbod ... entError@chrome://marionette/content/error.js:388:5\nelement.find/</<@chrome://marionette/content/element.js:339:16\n"},null]
1543287736597	Marionette	TRACE	0 -> [0,168,"WebDriver:FindElement",{"using":"xpath","value":"//*[@id=\"emT:lrmd1:tbmd1:pc2:t2::db\"]/table[77]/tbody/tr[1]/td[2]/div/table/tbody/tr/td[1]"}]
1543287736598	Marionette	TRACE	0 <- [1,168,{"error":"no such element","message":"Unable to locate element: //*[@id=\"emT:lrmd1:tbmd1:pc2:t2::db\"]/table[77]/tbod ... entError@chrome://marionette/content/error.js:388:5\nelement.find/</<@chrome://marionette/content/element.js:339:16\n"},null]
1543287736600	Marionette	TRACE	0 -> [0,169,"WebDriver:FindElement",{"using":"xpath","value":"//*[@id=\"emT:lrmd1:tbmd1:pc2:t2::db\"]/table[78]/tbody/tr[1]/td[2]/div/table/tbody/tr/td[1]"}]
1543287736601	Marionette	TRACE	0 <- [1,169,{"error":"no such element","message":"Unable to locate element: //*[@id=\"emT:lrmd1:tbmd1:pc2:t2::db\"]/table[78]/tbod ... entError@chrome://marionette/content/error.js:388:5\nelement.find/</<@chrome://marionette/content/element.js:339:16\n"},null]
1543287736603	Marionette	TRACE	0 -> [0,170,"WebDriver:FindElement",{"using":"xpath","value":"//*[@id=\"emT:lrmd1:tbmd1:pc2:t2::db\"]/table[79]/tbody/tr[1]/td[2]/div/table/tbody/tr/td[1]"}]
1543287736605	Marionette	TRACE	0 <- [1,170,{"error":"no such element","message":"Unable to locate element: //*[@id=\"emT:lrmd1:tbmd1:pc2:t2::db\"]/table[79]/tbod ... entError@chrome://marionette/content/error.js:388:5\nelement.find/</<@chrome://marionette/content/element.js:339:16\n"},null]
1543287736606	Marionette	TRACE	0 -> [0,171,"WebDriver:FindElement",{"using":"xpath","value":"//*[@id=\"emT:lrmd1:tbmd1:pc2:t2::db\"]/table[80]/tbody/tr[1]/td[2]/div/table/tbody/tr/td[1]"}]
1543287736608	Marionette	TRACE	0 <- [1,171,{"error":"no such element","message":"Unable to locate element: //*[@id=\"emT:lrmd1:tbmd1:pc2:t2::db\"]/table[80]/tbod ... entError@chrome://marionette/content/error.js:388:5\nelement.find/</<@chrome://marionette/content/element.js:339:16\n"},null]
1543287736609	Marionette	TRACE	0 -> [0,172,"WebDriver:FindElement",{"using":"xpath","value":"//*[@id=\"emT:lrmd1:tbmd1:pc2:t2::db\"]/table[81]/tbody/tr[1]/td[2]/div/table/tbody/tr/td[1]"}]
1543287736611	Marionette	TRACE	0 <- [1,172,{"error":"no such element","message":"Unable to locate element: //*[@id=\"emT:lrmd1:tbmd1:pc2:t2::db\"]/table[81]/tbod ... entError@chrome://marionette/content/error.js:388:5\nelement.find/</<@chrome://marionette/content/element.js:339:16\n"},null]
1543287736613	Marionette	TRACE	0 -> [0,173,"WebDriver:FindElement",{"using":"xpath","value":"//*[@id=\"emT:lrmd1:tbmd1:pc2:t2::db\"]/table[82]/tbody/tr[1]/td[2]/div/table/tbody/tr/td[1]"}]
1543287736615	Marionette	TRACE	0 <- [1,173,{"error":"no such element","message":"Unable to locate element: //*[@id=\"emT:lrmd1:tbmd1:pc2:t2::db\"]/table[82]/tbod ... entError@chrome://marionette/content/error.js:388:5\nelement.find/</<@chrome://marionette/content/element.js:339:16\n"},null]
1543287736617	Marionette	TRACE	0 -> [0,174,"WebDriver:FindElement",{"using":"xpath","value":"//*[@id=\"emT:lrmd1:tbmd1:pc2:t2::db\"]/table[83]/tbody/tr[1]/td[2]/div/table/tbody/tr/td[1]"}]
1543287736618	Marionette	TRACE	0 <- [1,174,{"error":"no such element","message":"Unable to locate element: //*[@id=\"emT:lrmd1:tbmd1:pc2:t2::db\"]/table[83]/tbod ... entError@chrome://marionette/content/error.js:388:5\nelement.find/</<@chrome://marionette/content/element.js:339:16\n"},null]
1543287736620	Marionette	TRACE	0 -> [0,175,"WebDriver:FindElement",{"using":"xpath","value":"//*[@id=\"emT:lrmd1:tbmd1:pc2:t2::db\"]/table[84]/tbody/tr[1]/td[2]/div/table/tbody/tr/td[1]"}]
1543287736621	Marionette	TRACE	0 <- [1,175,{"error":"no such element","message":"Unable to locate element: //*[@id=\"emT:lrmd1:tbmd1:pc2:t2::db\"]/table[84]/tbod ... entError@chrome://marionette/content/error.js:388:5\nelement.find/</<@chrome://marionette/content/element.js:339:16\n"},null]
1543287736622	Marionette	TRACE	0 -> [0,176,"WebDriver:FindElement",{"using":"xpath","value":"//*[@id=\"emT:lrmd1:tbmd1:pc2:t2::db\"]/table[85]/tbody/tr[1]/td[2]/div/table/tbody/tr/td[1]"}]
1543287736624	Marionette	TRACE	0 <- [1,176,{"error":"no such element","message":"Unable to locate element: //*[@id=\"emT:lrmd1:tbmd1:pc2:t2::db\"]/table[85]/tbod ... entError@chrome://marionette/content/error.js:388:5\nelement.find/</<@chrome://marionette/content/element.js:339:16\n"},null]
1543287736626	Marionette	TRACE	0 -> [0,177,"WebDriver:FindElement",{"using":"xpath","value":"//*[@id=\"emT:lrmd1:tbmd1:pc2:t2::db\"]/table[86]/tbody/tr[1]/td[2]/div/table/tbody/tr/td[1]"}]
1543287736629	Marionette	TRACE	0 <- [1,177,{"error":"no such element","message":"Unable to locate element: //*[@id=\"emT:lrmd1:tbmd1:pc2:t2::db\"]/table[86]/tbod ... entError@chrome://marionette/content/error.js:388:5\nelement.find/</<@chrome://marionette/content/element.js:339:16\n"},null]
1543287736630	Marionette	TRACE	0 -> [0,178,"WebDriver:FindElement",{"using":"xpath","value":"//*[@id=\"emT:lrmd1:tbmd1:pc2:t2::db\"]/table[87]/tbody/tr[1]/td[2]/div/table/tbody/tr/td[1]"}]
1543287736632	Marionette	TRACE	0 <- [1,178,{"error":"no such element","message":"Unable to locate element: //*[@id=\"emT:lrmd1:tbmd1:pc2:t2::db\"]/table[87]/tbod ... entError@chrome://marionette/content/error.js:388:5\nelement.find/</<@chrome://marionette/content/element.js:339:16\n"},null]
1543287736635	Marionette	TRACE	0 -> [0,179,"WebDriver:FindElement",{"using":"xpath","value":"//*[@id=\"emT:lrmd1:tbmd1:pc2:t2::db\"]/table[88]/tbody/tr[1]/td[2]/div/table/tbody/tr/td[1]"}]
1543287736638	Marionette	TRACE	0 <- [1,179,{"error":"no such element","message":"Unable to locate element: //*[@id=\"emT:lrmd1:tbmd1:pc2:t2::db\"]/table[88]/tbod ... entError@chrome://marionette/content/error.js:388:5\nelement.find/</<@chrome://marionette/content/element.js:339:16\n"},null]
1543287736639	Marionette	TRACE	0 -> [0,180,"WebDriver:FindElement",{"using":"xpath","value":"//*[@id=\"emT:lrmd1:tbmd1:pc2:t2::db\"]/table[89]/tbody/tr[1]/td[2]/div/table/tbody/tr/td[1]"}]
1543287736642	Marionette	TRACE	0 <- [1,180,{"error":"no such element","message":"Unable to locate element: //*[@id=\"emT:lrmd1:tbmd1:pc2:t2::db\"]/table[89]/tbod ... entError@chrome://marionette/content/error.js:388:5\nelement.find/</<@chrome://marionette/content/element.js:339:16\n"},null]
1543287736643	Marionette	TRACE	0 -> [0,181,"WebDriver:FindElement",{"using":"xpath","value":"//*[@id=\"emT:lrmd1:tbmd1:pc2:t2::db\"]/table[90]/tbody/tr[1]/td[2]/div/table/tbody/tr/td[1]"}]
1543287736645	Marionette	TRACE	0 <- [1,181,{"error":"no such element","message":"Unable to locate element: //*[@id=\"emT:lrmd1:tbmd1:pc2:t2::db\"]/table[90]/tbod ... entError@chrome://marionette/content/error.js:388:5\nelement.find/</<@chrome://marionette/content/element.js:339:16\n"},null]
1543287736646	Marionette	TRACE	0 -> [0,182,"WebDriver:FindElement",{"using":"xpath","value":"//*[@id=\"emT:lrmd1:tbmd1:pc2:t2::db\"]/table[91]/tbody/tr[1]/td[2]/div/table/tbody/tr/td[1]"}]
1543287736649	Marionette	TRACE	0 <- [1,182,{"error":"no such element","message":"Unable to locate element: //*[@id=\"emT:lrmd1:tbmd1:pc2:t2::db\"]/table[91]/tbod ... entError@chrome://marionette/content/error.js:388:5\nelement.find/</<@chrome://marionette/content/element.js:339:16\n"},null]
1543287736651	Marionette	TRACE	0 -> [0,183,"WebDriver:FindElement",{"using":"xpath","value":"//*[@id=\"emT:lrmd1:tbmd1:pc2:t2::db\"]/table[92]/tbody/tr[1]/td[2]/div/table/tbody/tr/td[1]"}]
1543287736653	Marionette	TRACE	0 <- [1,183,{"error":"no such element","message":"Unable to locate element: //*[@id=\"emT:lrmd1:tbmd1:pc2:t2::db\"]/table[92]/tbod ... entError@chrome://marionette/content/error.js:388:5\nelement.find/</<@chrome://marionette/content/element.js:339:16\n"},null]
1543287736654	Marionette	TRACE	0 -> [0,184,"WebDriver:FindElement",{"using":"xpath","value":"//*[@id=\"emT:lrmd1:tbmd1:pc2:t2::db\"]/table[93]/tbody/tr[1]/td[2]/div/table/tbody/tr/td[1]"}]
1543287736656	Marionette	TRACE	0 <- [1,184,{"error":"no such element","message":"Unable to locate element: //*[@id=\"emT:lrmd1:tbmd1:pc2:t2::db\"]/table[93]/tbod ... entError@chrome://marionette/content/error.js:388:5\nelement.find/</<@chrome://marionette/content/element.js:339:16\n"},null]
1543287736657	Marionette	TRACE	0 -> [0,185,"WebDriver:FindElement",{"using":"xpath","value":"//*[@id=\"emT:lrmd1:tbmd1:pc2:t2::db\"]/table[94]/tbody/tr[1]/td[2]/div/table/tbody/tr/td[1]"}]
1543287736660	Marionette	TRACE	0 <- [1,185,{"error":"no such element","message":"Unable to locate element: //*[@id=\"emT:lrmd1:tbmd1:pc2:t2::db\"]/table[94]/tbod ... entError@chrome://marionette/content/error.js:388:5\nelement.find/</<@chrome://marionette/content/element.js:339:16\n"},null]
1543287736661	Marionette	TRACE	0 -> [0,186,"WebDriver:FindElement",{"using":"xpath","value":"//*[@id=\"emT:lrmd1:tbmd1:pc2:t2::db\"]/table[95]/tbody/tr[1]/td[2]/div/table/tbody/tr/td[1]"}]
1543287736663	Marionette	TRACE	0 <- [1,186,{"error":"no such element","message":"Unable to locate element: //*[@id=\"emT:lrmd1:tbmd1:pc2:t2::db\"]/table[95]/tbod ... entError@chrome://marionette/content/error.js:388:5\nelement.find/</<@chrome://marionette/content/element.js:339:16\n"},null]
1543287736664	Marionette	TRACE	0 -> [0,187,"WebDriver:FindElement",{"using":"xpath","value":"//*[@id=\"emT:lrmd1:tbmd1:pc2:t2::db\"]/table[96]/tbody/tr[1]/td[2]/div/table/tbody/tr/td[1]"}]
1543287736666	Marionette	TRACE	0 <- [1,187,{"error":"no such element","message":"Unable to locate element: //*[@id=\"emT:lrmd1:tbmd1:pc2:t2::db\"]/table[96]/tbod ... entError@chrome://marionette/content/error.js:388:5\nelement.find/</<@chrome://marionette/content/element.js:339:16\n"},null]
1543287736667	Marionette	TRACE	0 -> [0,188,"WebDriver:FindElement",{"using":"xpath","value":"//*[@id=\"emT:lrmd1:tbmd1:pc2:t2::db\"]/table[97]/tbody/tr[1]/td[2]/div/table/tbody/tr/td[1]"}]
1543287736669	Marionette	TRACE	0 <- [1,188,{"error":"no such element","message":"Unable to locate element: //*[@id=\"emT:lrmd1:tbmd1:pc2:t2::db\"]/table[97]/tbod ... entError@chrome://marionette/content/error.js:388:5\nelement.find/</<@chrome://marionette/content/element.js:339:16\n"},null]
1543287736670	Marionette	TRACE	0 -> [0,189,"WebDriver:FindElement",{"using":"xpath","value":"//*[@id=\"emT:lrmd1:tbmd1:pc2:t2::db\"]/table[98]/tbody/tr[1]/td[2]/div/table/tbody/tr/td[1]"}]
1543287736672	Marionette	TRACE	0 <- [1,189,{"error":"no such element","message":"Unable to locate element: //*[@id=\"emT:lrmd1:tbmd1:pc2:t2::db\"]/table[98]/tbod ... entError@chrome://marionette/content/error.js:388:5\nelement.find/</<@chrome://marionette/content/element.js:339:16\n"},null]
1543287736674	Marionette	TRACE	0 -> [0,190,"WebDriver:FindElement",{"using":"xpath","value":"//*[@id=\"emT:lrmd1:tbmd1:pc2:t2::db\"]/table[99]/tbody/tr[1]/td[2]/div/table/tbody/tr/td[1]"}]
1543287736676	Marionette	TRACE	0 <- [1,190,{"error":"no such element","message":"Unable to locate element: //*[@id=\"emT:lrmd1:tbmd1:pc2:t2::db\"]/table[99]/tbod ... entError@chrome://marionette/content/error.js:388:5\nelement.find/</<@chrome://marionette/content/element.js:339:16\n"},null]
1543287736678	Marionette	TRACE	0 -> [0,191,"Marionette:Quit",{"flags":["eForceQuit"]}]
1543287736678	Marionette	INFO	Stopped listening on port 25557
JavaScript error: https://134.176.123.46:7802/em/afr/partition/gecko/n/default/opt/d/core-em-ASPEN-4141.js, line 37: NetworkError: A network error occurred.
1543287736742	Marionette	TRACE	0 <- [1,191,null,{"cause":"shutdown"}]
1543287736757	Marionette	TRACE	0 -> [0,192,"Marionette:Quit",{"flags":["eForceQuit"]}]
1543287736758	Marionette	TRACE	0 <- [1,192,{"error":"invalid session id","message":"Tried to run command without establishing a connection","stacktrace":"WebDriv ... et@chrome://marionette/content/server.js:245:8\n_onJSONObjectReady/<@chrome://marionette/content/transport.js:490:9\n"},null]
[Parent 14400, Gecko_IOThread] WARNING: pipe error: 109: file z:/build/build/src/ipc/chromium/src/chrome/common/ipc_channel_win.cc, line 346
[Child 14468, Chrome_ChildThread] WARNING: pipe error: 109: file z:/build/build/src/ipc/chromium/src/chrome/common/ipc_channel_win.cc, line 346
[Child 14468, Chrome_ChildThread] WARNING: pipe error: 109: file z:/build/build/src/ipc/chromium/src/chrome/common/ipc_channel_win.cc, line 346
1543287736766	Marionette	DEBUG	Closed connection 0
[Child 17660, Chrome_ChildThread] WARNING: pipe error: 109: file z:/build/build/src/ipc/chromium/src/chrome/common/ipc_channel_win.cc, line 346
[Child 17660, Chrome_ChildThread] WARNING: pipe error: 109: file z:/build/build/src/ipc/chromium/src/chrome/common/ipc_channel_win.cc, line 346
[Parent 14400, Gecko_IOThread] WARNING: pipe error: 109: file z:/build/build/src/ipc/chromium/src/chrome/common/ipc_channel_win.cc, line 346
[Child 18100, Chrome_ChildThread] WARNING: pipe error: 109: file z:/build/build/src/ipc/chromium/src/chrome/common/ipc_channel_win.cc, line 346
[Child 18100, Chrome_ChildThr1543287736915	Marionette	DEBUG	Received observer notification xpcom-will-shutdown
1543287736915	Marionette	DEBUG	Resetting recommended pref app.update.disabledForTesting
1543287736915	Marionette	DEBUG	Resetting recommended pref security.turn_off_all_security_so_that_viruses_can_take_over_this_computer
1543287736915	Marionette	DEBUG	Resetting recommended pref apz.content_response_timeout
1543287736915	Marionette	DEBUG	Resetting recommended pref browser.download.panel.shown
1543287736915	Marionette	DEBUG	Resetting recommended pref browser.pagethumbnails.capturing_disabled
1543287736915	Marionette	DEBUG	Resetting recommended pref browser.search.update
1543287736915	Marionette	DEBUG	Resetting recommended pref toolkit.cosmeticAnimations.enabled
1543287736915	Marionette	DEBUG	Resetting recommended pref browser.tabs.disableBackgroundZombification
1543287736915	Marionette	DEBUG	Resetting recommended pref browser.tabs.warnOnCloseOtherTabs
1543287736915	Marionette	DEBUG	Resetting recommended pref browser.tabs.warnOnOpen
1543287736916	Marionette	DEBUG	Resetting recommended pref browser.usedOnWindows10.introURL
1543287736916	Marionette	DEBUG	Resetting recommended pref browser.urlbar.suggest.searches
1543287736916	Marionette	DEBUG	Resetting recommended pref datareporting.policy.dataSubmissionPolicyAccepted
1543287736916	Marionette	DEBUG	Resetting recommended pref dom.disable_beforeunload
1543287736916	Marionette	DEBUG	Resetting recommended pref dom.disable_open_during_load
1543287736916	Marionette	DEBUG	Resetting recommended pref dom.file.createInChild
1543287736916	Marionette	DEBUG	Resetting recommended pref dom.max_chrome_script_run_time
1543287736916	Marionette	DEBUG	Resetting recommended pref dom.max_script_run_time
1543287736916	Marionette	DEBUG	Resetting recommended pref extensions.getAddons.cache.enabled
1543287736916	Marionette	DEBUG	Resetting recommended pref extensions.webservice.discoverURL
1543287736916	Marionette	DEBUG	Resetting recommended pref network.http.prompt-temp-redirect
1543287736916	Marionette	DEBUG	Resetting recommended pref network.http.speculative-parallel-limit
1543287736916	Marionette	DEBUG	Resetting recommended pref security.fileuri.strict_origin_policy
1543287736916	Marionette	DEBUG	Resetting recommended pref security.notification_enable_delay
1543287736917	Marionette	DEBUG	Resetting recommended pref signon.autofillForms
1543287736917	Marionette	DEBUG	Resetting recommended pref signon.rememberSignons
1543287736917	Marionette	DEBUG	Remote service is inactive
